{"C:\\Users\\sws22\\Claude\\Code\\kvitlach\\backend\\src\\bot.ts": {"path":"C:\\Users\\sws22\\Claude\\Code\\kvitlach\\backend\\src\\bot.ts","all":false,"statementMap":{"0":{"start":{"line":1,"column":0},"end":{"line":1,"column":43}},"1":{"start":{"line":2,"column":0},"end":{"line":2,"column":34}},"2":{"start":{"line":3,"column":0},"end":{"line":3,"column":0}},"3":{"start":{"line":4,"column":0},"end":{"line":4,"column":77}},"4":{"start":{"line":5,"column":0},"end":{"line":5,"column":77}},"5":{"start":{"line":6,"column":0},"end":{"line":6,"column":64}},"6":{"start":{"line":7,"column":0},"end":{"line":7,"column":0}},"7":{"start":{"line":8,"column":0},"end":{"line":8,"column":78}},"8":{"start":{"line":9,"column":0},"end":{"line":9,"column":77}},"9":{"start":{"line":10,"column":0},"end":{"line":10,"column":76}},"10":{"start":{"line":11,"column":0},"end":{"line":11,"column":69}},"11":{"start":{"line":12,"column":0},"end":{"line":12,"column":73}},"12":{"start":{"line":13,"column":0},"end":{"line":13,"column":49}},"13":{"start":{"line":14,"column":0},"end":{"line":14,"column":28}},"14":{"start":{"line":15,"column":0},"end":{"line":15,"column":49}},"15":{"start":{"line":16,"column":0},"end":{"line":16,"column":1}},"16":{"start":{"line":17,"column":0},"end":{"line":17,"column":0}},"17":{"start":{"line":18,"column":0},"end":{"line":18,"column":65}},"18":{"start":{"line":19,"column":0},"end":{"line":19,"column":37}},"19":{"start":{"line":20,"column":0},"end":{"line":20,"column":79}},"20":{"start":{"line":21,"column":0},"end":{"line":21,"column":39}},"21":{"start":{"line":22,"column":0},"end":{"line":22,"column":1}}},"s":{"0":1,"1":1,"2":1,"3":1,"4":1,"5":1,"6":1,"7":1,"8":1,"9":1,"10":1,"11":1,"12":272,"13":272,"14":270,"15":270,"16":1,"17":1,"18":121,"19":121,"20":121,"21":121},"branchMap":{"0":{"type":"branch","line":12,"loc":{"start":{"line":12,"column":7},"end":{"line":16,"column":1}},"locations":[{"start":{"line":12,"column":7},"end":{"line":16,"column":1}}]},"1":{"type":"branch","line":14,"loc":{"start":{"line":14,"column":19},"end":{"line":14,"column":28}},"locations":[{"start":{"line":14,"column":19},"end":{"line":14,"column":28}}]},"2":{"type":"branch","line":14,"loc":{"start":{"line":14,"column":26},"end":{"line":16,"column":1}},"locations":[{"start":{"line":14,"column":26},"end":{"line":16,"column":1}}]},"3":{"type":"branch","line":18,"loc":{"start":{"line":18,"column":7},"end":{"line":22,"column":1}},"locations":[{"start":{"line":18,"column":7},"end":{"line":22,"column":1}}]},"4":{"type":"branch","line":20,"loc":{"start":{"line":20,"column":27},"end":{"line":20,"column":79}},"locations":[{"start":{"line":20,"column":27},"end":{"line":20,"column":79}}]},"5":{"type":"branch","line":20,"loc":{"start":{"line":20,"column":34},"end":{"line":21,"column":23}},"locations":[{"start":{"line":20,"column":34},"end":{"line":21,"column":23}}]},"6":{"type":"branch","line":21,"loc":{"start":{"line":21,"column":18},"end":{"line":21,"column":33}},"locations":[{"start":{"line":21,"column":18},"end":{"line":21,"column":33}}]},"7":{"type":"branch","line":21,"loc":{"start":{"line":21,"column":23},"end":{"line":21,"column":39}},"locations":[{"start":{"line":21,"column":23},"end":{"line":21,"column":39}}]}},"b":{"0":[272],"1":[2],"2":[270],"3":[121],"4":[1],"5":[120],"6":[39],"7":[81]},"fnMap":{"0":{"name":"decideBotBet","decl":{"start":{"line":12,"column":7},"end":{"line":16,"column":1}},"loc":{"start":{"line":12,"column":7},"end":{"line":16,"column":1}},"line":12},"1":{"name":"decideBotAction","decl":{"start":{"line":18,"column":7},"end":{"line":22,"column":1}},"loc":{"start":{"line":18,"column":7},"end":{"line":22,"column":1}},"line":18}},"f":{"0":272,"1":121}}
,"C:\\Users\\sws22\\Claude\\Code\\kvitlach\\backend\\src\\db.ts": {"path":"C:\\Users\\sws22\\Claude\\Code\\kvitlach\\backend\\src\\db.ts","all":true,"statementMap":{"0":{"start":{"line":1,"column":0},"end":{"line":1,"column":26}},"1":{"start":{"line":2,"column":0},"end":{"line":2,"column":44}},"2":{"start":{"line":3,"column":0},"end":{"line":3,"column":0}},"3":{"start":{"line":4,"column":0},"end":{"line":4,"column":36}},"4":{"start":{"line":5,"column":0},"end":{"line":5,"column":19}},"5":{"start":{"line":6,"column":0},"end":{"line":6,"column":17}},"6":{"start":{"line":7,"column":0},"end":{"line":7,"column":14}},"7":{"start":{"line":8,"column":0},"end":{"line":8,"column":21}},"8":{"start":{"line":9,"column":0},"end":{"line":9,"column":23}},"9":{"start":{"line":10,"column":0},"end":{"line":10,"column":22}},"10":{"start":{"line":11,"column":0},"end":{"line":11,"column":1}},"11":{"start":{"line":12,"column":0},"end":{"line":12,"column":0}},"12":{"start":{"line":13,"column":0},"end":{"line":13,"column":26}},"13":{"start":{"line":14,"column":0},"end":{"line":14,"column":17}},"14":{"start":{"line":15,"column":0},"end":{"line":15,"column":23}},"15":{"start":{"line":16,"column":0},"end":{"line":16,"column":74}},"16":{"start":{"line":17,"column":0},"end":{"line":17,"column":1}},"17":{"start":{"line":18,"column":0},"end":{"line":18,"column":0}},"18":{"start":{"line":19,"column":0},"end":{"line":19,"column":23}},"19":{"start":{"line":20,"column":0},"end":{"line":20,"column":21}},"20":{"start":{"line":21,"column":0},"end":{"line":21,"column":0}},"21":{"start":{"line":22,"column":0},"end":{"line":22,"column":47}},"22":{"start":{"line":23,"column":0},"end":{"line":23,"column":82}},"23":{"start":{"line":24,"column":0},"end":{"line":24,"column":52}},"24":{"start":{"line":25,"column":0},"end":{"line":25,"column":3}},"25":{"start":{"line":26,"column":0},"end":{"line":26,"column":0}},"26":{"start":{"line":27,"column":0},"end":{"line":27,"column":16}},"27":{"start":{"line":28,"column":0},"end":{"line":28,"column":27}},"28":{"start":{"line":29,"column":0},"end":{"line":29,"column":46}},"29":{"start":{"line":30,"column":0},"end":{"line":30,"column":30}},"30":{"start":{"line":31,"column":0},"end":{"line":31,"column":30}},"31":{"start":{"line":32,"column":0},"end":{"line":32,"column":32}},"32":{"start":{"line":33,"column":0},"end":{"line":33,"column":16}},"33":{"start":{"line":34,"column":0},"end":{"line":34,"column":24}},"34":{"start":{"line":35,"column":0},"end":{"line":35,"column":56}},"35":{"start":{"line":36,"column":0},"end":{"line":36,"column":36}},"36":{"start":{"line":37,"column":0},"end":{"line":37,"column":55}},"37":{"start":{"line":38,"column":0},"end":{"line":38,"column":8}},"38":{"start":{"line":39,"column":0},"end":{"line":39,"column":97}},"39":{"start":{"line":40,"column":0},"end":{"line":40,"column":79}},"40":{"start":{"line":41,"column":0},"end":{"line":41,"column":0}},"41":{"start":{"line":42,"column":0},"end":{"line":42,"column":40}},"42":{"start":{"line":43,"column":0},"end":{"line":43,"column":33}},"43":{"start":{"line":44,"column":0},"end":{"line":44,"column":29}},"44":{"start":{"line":45,"column":0},"end":{"line":45,"column":58}},"45":{"start":{"line":46,"column":0},"end":{"line":46,"column":53}},"46":{"start":{"line":47,"column":0},"end":{"line":47,"column":8}},"47":{"start":{"line":48,"column":0},"end":{"line":48,"column":81}},"48":{"start":{"line":49,"column":0},"end":{"line":49,"column":0}},"49":{"start":{"line":50,"column":0},"end":{"line":50,"column":41}},"50":{"start":{"line":51,"column":0},"end":{"line":51,"column":34}},"51":{"start":{"line":52,"column":0},"end":{"line":52,"column":30}},"52":{"start":{"line":53,"column":0},"end":{"line":53,"column":29}},"53":{"start":{"line":54,"column":0},"end":{"line":54,"column":53}},"54":{"start":{"line":55,"column":0},"end":{"line":55,"column":8}},"55":{"start":{"line":56,"column":0},"end":{"line":56,"column":69}},"56":{"start":{"line":57,"column":0},"end":{"line":57,"column":7}},"57":{"start":{"line":58,"column":0},"end":{"line":58,"column":3}},"58":{"start":{"line":59,"column":0},"end":{"line":59,"column":0}},"59":{"start":{"line":60,"column":0},"end":{"line":60,"column":102}},"60":{"start":{"line":61,"column":0},"end":{"line":61,"column":55}},"61":{"start":{"line":62,"column":0},"end":{"line":62,"column":41}},"62":{"start":{"line":63,"column":0},"end":{"line":63,"column":67}},"63":{"start":{"line":64,"column":0},"end":{"line":64,"column":30}},"64":{"start":{"line":65,"column":0},"end":{"line":65,"column":21}},"65":{"start":{"line":66,"column":0},"end":{"line":66,"column":55}},"66":{"start":{"line":67,"column":0},"end":{"line":67,"column":6}},"67":{"start":{"line":68,"column":0},"end":{"line":68,"column":52}},"68":{"start":{"line":69,"column":0},"end":{"line":69,"column":3}},"69":{"start":{"line":70,"column":0},"end":{"line":70,"column":0}},"70":{"start":{"line":71,"column":0},"end":{"line":71,"column":40}},"71":{"start":{"line":72,"column":0},"end":{"line":72,"column":103}},"72":{"start":{"line":73,"column":0},"end":{"line":73,"column":3}},"73":{"start":{"line":74,"column":0},"end":{"line":74,"column":0}},"74":{"start":{"line":75,"column":0},"end":{"line":75,"column":48}},"75":{"start":{"line":76,"column":0},"end":{"line":76,"column":26}},"76":{"start":{"line":77,"column":0},"end":{"line":77,"column":118}},"77":{"start":{"line":78,"column":0},"end":{"line":78,"column":20}},"78":{"start":{"line":79,"column":0},"end":{"line":79,"column":6}},"79":{"start":{"line":80,"column":0},"end":{"line":80,"column":3}},"80":{"start":{"line":81,"column":0},"end":{"line":81,"column":0}},"81":{"start":{"line":82,"column":0},"end":{"line":82,"column":82}},"82":{"start":{"line":83,"column":0},"end":{"line":83,"column":41}},"83":{"start":{"line":84,"column":0},"end":{"line":84,"column":37}},"84":{"start":{"line":85,"column":0},"end":{"line":85,"column":19}},"85":{"start":{"line":86,"column":0},"end":{"line":86,"column":17}},"86":{"start":{"line":87,"column":0},"end":{"line":87,"column":12}},"87":{"start":{"line":88,"column":0},"end":{"line":88,"column":20}},"88":{"start":{"line":89,"column":0},"end":{"line":89,"column":22}},"89":{"start":{"line":90,"column":0},"end":{"line":90,"column":75}},"90":{"start":{"line":91,"column":0},"end":{"line":91,"column":23}},"91":{"start":{"line":92,"column":0},"end":{"line":92,"column":25}},"92":{"start":{"line":93,"column":0},"end":{"line":93,"column":46}},"93":{"start":{"line":94,"column":0},"end":{"line":94,"column":14}},"94":{"start":{"line":95,"column":0},"end":{"line":95,"column":6}},"95":{"start":{"line":96,"column":0},"end":{"line":96,"column":38}},"96":{"start":{"line":97,"column":0},"end":{"line":97,"column":30}},"97":{"start":{"line":98,"column":0},"end":{"line":98,"column":26}},"98":{"start":{"line":99,"column":0},"end":{"line":99,"column":30}},"99":{"start":{"line":100,"column":0},"end":{"line":100,"column":45}},"100":{"start":{"line":101,"column":0},"end":{"line":101,"column":87}},"101":{"start":{"line":102,"column":0},"end":{"line":102,"column":80}},"102":{"start":{"line":103,"column":0},"end":{"line":103,"column":8}},"103":{"start":{"line":104,"column":0},"end":{"line":104,"column":3}},"104":{"start":{"line":105,"column":0},"end":{"line":105,"column":0}},"105":{"start":{"line":106,"column":0},"end":{"line":106,"column":67}},"106":{"start":{"line":107,"column":0},"end":{"line":107,"column":26}},"107":{"start":{"line":108,"column":0},"end":{"line":108,"column":57}},"108":{"start":{"line":109,"column":0},"end":{"line":109,"column":29}},"109":{"start":{"line":110,"column":0},"end":{"line":110,"column":38}},"110":{"start":{"line":111,"column":0},"end":{"line":111,"column":61}},"111":{"start":{"line":112,"column":0},"end":{"line":112,"column":37}},"112":{"start":{"line":113,"column":0},"end":{"line":113,"column":6}},"113":{"start":{"line":114,"column":0},"end":{"line":114,"column":3}},"114":{"start":{"line":115,"column":0},"end":{"line":115,"column":0}},"115":{"start":{"line":116,"column":0},"end":{"line":116,"column":51}},"116":{"start":{"line":117,"column":0},"end":{"line":117,"column":76}},"117":{"start":{"line":118,"column":0},"end":{"line":118,"column":77}},"118":{"start":{"line":119,"column":0},"end":{"line":119,"column":3}},"119":{"start":{"line":120,"column":0},"end":{"line":120,"column":0}},"120":{"start":{"line":121,"column":0},"end":{"line":121,"column":99}},"121":{"start":{"line":122,"column":0},"end":{"line":122,"column":26}},"122":{"start":{"line":123,"column":0},"end":{"line":123,"column":64}},"123":{"start":{"line":124,"column":0},"end":{"line":124,"column":33}},"124":{"start":{"line":125,"column":0},"end":{"line":125,"column":39}},"125":{"start":{"line":126,"column":0},"end":{"line":126,"column":57}},"126":{"start":{"line":127,"column":0},"end":{"line":127,"column":46}},"127":{"start":{"line":128,"column":0},"end":{"line":128,"column":6}},"128":{"start":{"line":129,"column":0},"end":{"line":129,"column":3}},"129":{"start":{"line":130,"column":0},"end":{"line":130,"column":0}},"130":{"start":{"line":131,"column":0},"end":{"line":131,"column":53}},"131":{"start":{"line":132,"column":0},"end":{"line":132,"column":79}},"132":{"start":{"line":133,"column":0},"end":{"line":133,"column":3}},"133":{"start":{"line":134,"column":0},"end":{"line":134,"column":0}},"134":{"start":{"line":135,"column":0},"end":{"line":135,"column":47}},"135":{"start":{"line":136,"column":0},"end":{"line":136,"column":46}},"136":{"start":{"line":137,"column":0},"end":{"line":137,"column":69}},"137":{"start":{"line":138,"column":0},"end":{"line":138,"column":6}},"138":{"start":{"line":139,"column":0},"end":{"line":139,"column":31}},"139":{"start":{"line":140,"column":0},"end":{"line":140,"column":45}},"140":{"start":{"line":141,"column":0},"end":{"line":141,"column":45}},"141":{"start":{"line":142,"column":0},"end":{"line":142,"column":62}},"142":{"start":{"line":143,"column":0},"end":{"line":143,"column":49}},"143":{"start":{"line":144,"column":0},"end":{"line":144,"column":64}},"144":{"start":{"line":145,"column":0},"end":{"line":145,"column":16}},"145":{"start":{"line":146,"column":0},"end":{"line":146,"column":8}},"146":{"start":{"line":147,"column":0},"end":{"line":147,"column":52}},"147":{"start":{"line":148,"column":0},"end":{"line":148,"column":38}},"148":{"start":{"line":149,"column":0},"end":{"line":149,"column":55}},"149":{"start":{"line":150,"column":0},"end":{"line":150,"column":10}},"150":{"start":{"line":151,"column":0},"end":{"line":151,"column":47}},"151":{"start":{"line":152,"column":0},"end":{"line":152,"column":5}},"152":{"start":{"line":153,"column":0},"end":{"line":153,"column":16}},"153":{"start":{"line":154,"column":0},"end":{"line":154,"column":3}},"154":{"start":{"line":155,"column":0},"end":{"line":155,"column":0}},"155":{"start":{"line":156,"column":0},"end":{"line":156,"column":19}},"156":{"start":{"line":157,"column":0},"end":{"line":157,"column":26}},"157":{"start":{"line":158,"column":0},"end":{"line":158,"column":3}},"158":{"start":{"line":159,"column":0},"end":{"line":159,"column":1}}},"s":{"0":0,"1":0,"2":0,"3":0,"4":0,"5":0,"6":0,"7":0,"8":0,"9":0,"10":0,"11":0,"12":0,"13":0,"14":0,"15":0,"16":0,"17":0,"18":0,"19":0,"20":0,"21":0,"22":0,"23":0,"24":0,"25":0,"26":0,"27":0,"28":0,"29":0,"30":0,"31":0,"32":0,"33":0,"34":0,"35":0,"36":0,"37":0,"38":0,"39":0,"40":0,"41":0,"42":0,"43":0,"44":0,"45":0,"46":0,"47":0,"48":0,"49":0,"50":0,"51":0,"52":0,"53":0,"54":0,"55":0,"56":0,"57":0,"58":0,"59":0,"60":0,"61":0,"62":0,"63":0,"64":0,"65":0,"66":0,"67":0,"68":0,"69":0,"70":0,"71":0,"72":0,"73":0,"74":0,"75":0,"76":0,"77":0,"78":0,"79":0,"80":0,"81":0,"82":0,"83":0,"84":0,"85":0,"86":0,"87":0,"88":0,"89":0,"90":0,"91":0,"92":0,"93":0,"94":0,"95":0,"96":0,"97":0,"98":0,"99":0,"100":0,"101":0,"102":0,"103":0,"104":0,"105":0,"106":0,"107":0,"108":0,"109":0,"110":0,"111":0,"112":0,"113":0,"114":0,"115":0,"116":0,"117":0,"118":0,"119":0,"120":0,"121":0,"122":0,"123":0,"124":0,"125":0,"126":0,"127":0,"128":0,"129":0,"130":0,"131":0,"132":0,"133":0,"134":0,"135":0,"136":0,"137":0,"138":0,"139":0,"140":0,"141":0,"142":0,"143":0,"144":0,"145":0,"146":0,"147":0,"148":0,"149":0,"150":0,"151":0,"152":0,"153":0,"154":0,"155":0,"156":0,"157":0,"158":0},"branchMap":{"0":{"type":"branch","line":1,"loc":{"start":{"line":1,"column":5265},"end":{"line":159,"column":1}},"locations":[{"start":{"line":1,"column":5265},"end":{"line":159,"column":1}}]}},"b":{"0":[0]},"fnMap":{"0":{"name":"(empty-report)","decl":{"start":{"line":1,"column":5265},"end":{"line":159,"column":1}},"loc":{"start":{"line":1,"column":5265},"end":{"line":159,"column":1}},"line":1}},"f":{"0":0}}
,"C:\\Users\\sws22\\Claude\\Code\\kvitlach\\backend\\src\\deck.ts": {"path":"C:\\Users\\sws22\\Claude\\Code\\kvitlach\\backend\\src\\deck.ts","all":false,"statementMap":{"0":{"start":{"line":1,"column":0},"end":{"line":1,"column":40}},"1":{"start":{"line":2,"column":0},"end":{"line":2,"column":0}},"2":{"start":{"line":3,"column":0},"end":{"line":3,"column":34}},"3":{"start":{"line":4,"column":0},"end":{"line":4,"column":0}},"4":{"start":{"line":5,"column":0},"end":{"line":5,"column":27}},"5":{"start":{"line":6,"column":0},"end":{"line":6,"column":45}},"6":{"start":{"line":7,"column":0},"end":{"line":7,"column":61}},"7":{"start":{"line":8,"column":0},"end":{"line":8,"column":45}},"8":{"start":{"line":9,"column":0},"end":{"line":9,"column":45}},"9":{"start":{"line":10,"column":0},"end":{"line":10,"column":45}},"10":{"start":{"line":11,"column":0},"end":{"line":11,"column":45}},"11":{"start":{"line":12,"column":0},"end":{"line":12,"column":45}},"12":{"start":{"line":13,"column":0},"end":{"line":13,"column":45}},"13":{"start":{"line":14,"column":0},"end":{"line":14,"column":45}},"14":{"start":{"line":15,"column":0},"end":{"line":15,"column":47}},"15":{"start":{"line":16,"column":0},"end":{"line":16,"column":63}},"16":{"start":{"line":17,"column":0},"end":{"line":17,"column":54}},"17":{"start":{"line":18,"column":0},"end":{"line":18,"column":2}},"18":{"start":{"line":19,"column":0},"end":{"line":19,"column":0}},"19":{"start":{"line":20,"column":0},"end":{"line":20,"column":75}},"20":{"start":{"line":21,"column":0},"end":{"line":21,"column":42}},"21":{"start":{"line":22,"column":0},"end":{"line":22,"column":45}},"22":{"start":{"line":23,"column":0},"end":{"line":23,"column":25}},"23":{"start":{"line":24,"column":0},"end":{"line":24,"column":47}},"24":{"start":{"line":25,"column":0},"end":{"line":25,"column":74}},"25":{"start":{"line":26,"column":0},"end":{"line":26,"column":75}},"26":{"start":{"line":27,"column":0},"end":{"line":27,"column":34}},"27":{"start":{"line":28,"column":0},"end":{"line":28,"column":40}},"28":{"start":{"line":29,"column":0},"end":{"line":29,"column":3}},"29":{"start":{"line":30,"column":0},"end":{"line":30,"column":13}},"30":{"start":{"line":31,"column":0},"end":{"line":31,"column":1}},"31":{"start":{"line":32,"column":0},"end":{"line":32,"column":0}},"32":{"start":{"line":33,"column":0},"end":{"line":33,"column":71}},"33":{"start":{"line":34,"column":0},"end":{"line":34,"column":75}},"34":{"start":{"line":35,"column":0},"end":{"line":35,"column":75}},"35":{"start":{"line":36,"column":0},"end":{"line":36,"column":74}},"36":{"start":{"line":37,"column":0},"end":{"line":37,"column":27}},"37":{"start":{"line":38,"column":0},"end":{"line":38,"column":35}},"38":{"start":{"line":39,"column":0},"end":{"line":39,"column":86}},"39":{"start":{"line":40,"column":0},"end":{"line":40,"column":27}},"40":{"start":{"line":41,"column":0},"end":{"line":41,"column":1}}},"s":{"0":1,"1":1,"2":1,"3":1,"4":1,"5":1,"6":1,"7":1,"8":1,"9":1,"10":1,"11":1,"12":1,"13":1,"14":1,"15":1,"16":1,"17":1,"18":1,"19":1,"20":1,"21":1,"22":2631,"23":2631,"24":101241,"25":101241,"26":101241,"27":101241,"28":101241,"29":2631,"30":2631,"31":1,"32":1,"33":1,"34":1,"35":1,"36":1,"37":1,"38":2164,"39":2164,"40":2164},"branchMap":{"0":{"type":"branch","line":22,"loc":{"start":{"line":22,"column":7},"end":{"line":31,"column":1}},"locations":[{"start":{"line":22,"column":7},"end":{"line":31,"column":1}}]},"1":{"type":"branch","line":24,"loc":{"start":{"line":24,"column":46},"end":{"line":29,"column":3}},"locations":[{"start":{"line":24,"column":46},"end":{"line":29,"column":3}}]},"2":{"type":"branch","line":38,"loc":{"start":{"line":38,"column":7},"end":{"line":41,"column":1}},"locations":[{"start":{"line":38,"column":7},"end":{"line":41,"column":1}}]},"3":{"type":"branch","line":39,"loc":{"start":{"line":39,"column":37},"end":{"line":39,"column":84}},"locations":[{"start":{"line":39,"column":37},"end":{"line":39,"column":84}}]},"4":{"type":"branch","line":39,"loc":{"start":{"line":39,"column":73},"end":{"line":39,"column":83}},"locations":[{"start":{"line":39,"column":73},"end":{"line":39,"column":83}}]}},"b":{"0":[2631],"1":[101241],"2":[2164],"3":[25968],"4":[51936]},"fnMap":{"0":{"name":"shuffle","decl":{"start":{"line":22,"column":7},"end":{"line":31,"column":1}},"loc":{"start":{"line":22,"column":7},"end":{"line":31,"column":1}},"line":22},"1":{"name":"newDeck","decl":{"start":{"line":38,"column":7},"end":{"line":41,"column":1}},"loc":{"start":{"line":38,"column":7},"end":{"line":41,"column":1}},"line":38}},"f":{"0":2631,"1":2164}}
,"C:\\Users\\sws22\\Claude\\Code\\kvitlach\\backend\\src\\http-server.ts": {"path":"C:\\Users\\sws22\\Claude\\Code\\kvitlach\\backend\\src\\http-server.ts","all":false,"statementMap":{"0":{"start":{"line":1,"column":0},"end":{"line":1,"column":46}},"1":{"start":{"line":2,"column":0},"end":{"line":2,"column":50}},"2":{"start":{"line":3,"column":0},"end":{"line":3,"column":44}},"3":{"start":{"line":4,"column":0},"end":{"line":4,"column":39}},"4":{"start":{"line":5,"column":0},"end":{"line":5,"column":0}},"5":{"start":{"line":6,"column":0},"end":{"line":6,"column":44}},"6":{"start":{"line":7,"column":0},"end":{"line":7,"column":121}},"7":{"start":{"line":8,"column":0},"end":{"line":8,"column":1}},"8":{"start":{"line":9,"column":0},"end":{"line":9,"column":0}},"9":{"start":{"line":10,"column":0},"end":{"line":10,"column":51}},"10":{"start":{"line":11,"column":0},"end":{"line":11,"column":43}},"11":{"start":{"line":12,"column":0},"end":{"line":12,"column":75}},"12":{"start":{"line":13,"column":0},"end":{"line":13,"column":34}},"13":{"start":{"line":14,"column":0},"end":{"line":14,"column":34}},"14":{"start":{"line":15,"column":0},"end":{"line":15,"column":73}},"15":{"start":{"line":16,"column":0},"end":{"line":16,"column":75}},"16":{"start":{"line":17,"column":0},"end":{"line":17,"column":42}},"17":{"start":{"line":18,"column":0},"end":{"line":18,"column":31}},"18":{"start":{"line":19,"column":0},"end":{"line":19,"column":1}},"19":{"start":{"line":20,"column":0},"end":{"line":20,"column":0}},"20":{"start":{"line":21,"column":0},"end":{"line":21,"column":77}},"21":{"start":{"line":22,"column":0},"end":{"line":22,"column":74}},"22":{"start":{"line":23,"column":0},"end":{"line":23,"column":71}},"23":{"start":{"line":24,"column":0},"end":{"line":24,"column":69}},"24":{"start":{"line":25,"column":0},"end":{"line":25,"column":30}},"25":{"start":{"line":26,"column":0},"end":{"line":26,"column":43}},"26":{"start":{"line":27,"column":0},"end":{"line":27,"column":28}},"27":{"start":{"line":28,"column":0},"end":{"line":28,"column":76}},"28":{"start":{"line":29,"column":0},"end":{"line":29,"column":0}},"29":{"start":{"line":30,"column":0},"end":{"line":30,"column":55}},"30":{"start":{"line":31,"column":0},"end":{"line":31,"column":55}},"31":{"start":{"line":32,"column":0},"end":{"line":32,"column":139}},"32":{"start":{"line":33,"column":0},"end":{"line":33,"column":47}},"33":{"start":{"line":34,"column":0},"end":{"line":34,"column":1}},"34":{"start":{"line":35,"column":0},"end":{"line":35,"column":0}},"35":{"start":{"line":36,"column":0},"end":{"line":36,"column":45}},"36":{"start":{"line":37,"column":0},"end":{"line":37,"column":38}},"37":{"start":{"line":38,"column":0},"end":{"line":38,"column":91}},"38":{"start":{"line":39,"column":0},"end":{"line":39,"column":1}},"39":{"start":{"line":40,"column":0},"end":{"line":40,"column":0}},"40":{"start":{"line":41,"column":0},"end":{"line":41,"column":48}},"41":{"start":{"line":42,"column":0},"end":{"line":42,"column":25}},"42":{"start":{"line":43,"column":0},"end":{"line":43,"column":46}},"43":{"start":{"line":44,"column":0},"end":{"line":44,"column":47}},"44":{"start":{"line":45,"column":0},"end":{"line":45,"column":57}},"45":{"start":{"line":46,"column":0},"end":{"line":46,"column":5}},"46":{"start":{"line":47,"column":0},"end":{"line":47,"column":3}},"47":{"start":{"line":48,"column":0},"end":{"line":48,"column":38}},"48":{"start":{"line":49,"column":0},"end":{"line":49,"column":38}},"49":{"start":{"line":50,"column":0},"end":{"line":50,"column":80}},"50":{"start":{"line":51,"column":0},"end":{"line":51,"column":10}},"51":{"start":{"line":52,"column":0},"end":{"line":52,"column":21}},"52":{"start":{"line":53,"column":0},"end":{"line":53,"column":3}},"53":{"start":{"line":54,"column":0},"end":{"line":54,"column":1}},"54":{"start":{"line":55,"column":0},"end":{"line":55,"column":0}},"55":{"start":{"line":56,"column":0},"end":{"line":56,"column":41}},"56":{"start":{"line":57,"column":0},"end":{"line":57,"column":41}},"57":{"start":{"line":58,"column":0},"end":{"line":58,"column":41}},"58":{"start":{"line":59,"column":0},"end":{"line":59,"column":41}},"59":{"start":{"line":60,"column":0},"end":{"line":60,"column":54}},"60":{"start":{"line":61,"column":0},"end":{"line":61,"column":38}},"61":{"start":{"line":62,"column":0},"end":{"line":62,"column":35}},"62":{"start":{"line":63,"column":0},"end":{"line":63,"column":1}},"63":{"start":{"line":64,"column":0},"end":{"line":64,"column":0}},"64":{"start":{"line":65,"column":0},"end":{"line":65,"column":67}},"65":{"start":{"line":66,"column":0},"end":{"line":66,"column":94}},"66":{"start":{"line":67,"column":0},"end":{"line":67,"column":20}},"67":{"start":{"line":68,"column":0},"end":{"line":68,"column":17}},"68":{"start":{"line":69,"column":0},"end":{"line":69,"column":51}},"69":{"start":{"line":70,"column":0},"end":{"line":70,"column":18}},"70":{"start":{"line":71,"column":0},"end":{"line":71,"column":53}},"71":{"start":{"line":72,"column":0},"end":{"line":72,"column":44}},"72":{"start":{"line":73,"column":0},"end":{"line":73,"column":33}},"73":{"start":{"line":74,"column":0},"end":{"line":74,"column":37}},"74":{"start":{"line":75,"column":0},"end":{"line":75,"column":51}},"75":{"start":{"line":76,"column":0},"end":{"line":76,"column":38}},"76":{"start":{"line":77,"column":0},"end":{"line":77,"column":12}},"77":{"start":{"line":78,"column":0},"end":{"line":78,"column":125}},"78":{"start":{"line":79,"column":0},"end":{"line":79,"column":140}},"79":{"start":{"line":80,"column":0},"end":{"line":80,"column":49}},"80":{"start":{"line":81,"column":0},"end":{"line":81,"column":17}},"81":{"start":{"line":82,"column":0},"end":{"line":82,"column":13}},"82":{"start":{"line":83,"column":0},"end":{"line":83,"column":13}},"83":{"start":{"line":84,"column":0},"end":{"line":84,"column":6}},"84":{"start":{"line":85,"column":0},"end":{"line":85,"column":16}},"85":{"start":{"line":86,"column":0},"end":{"line":86,"column":0}},"86":{"start":{"line":87,"column":0},"end":{"line":87,"column":25}},"87":{"start":{"line":88,"column":0},"end":{"line":88,"column":16}},"88":{"start":{"line":89,"column":0},"end":{"line":89,"column":6}},"89":{"start":{"line":90,"column":0},"end":{"line":90,"column":24}},"90":{"start":{"line":91,"column":0},"end":{"line":91,"column":29}},"91":{"start":{"line":92,"column":0},"end":{"line":92,"column":7}},"92":{"start":{"line":93,"column":0},"end":{"line":93,"column":116}},"93":{"start":{"line":94,"column":0},"end":{"line":94,"column":28}},"94":{"start":{"line":95,"column":0},"end":{"line":95,"column":69}},"95":{"start":{"line":96,"column":0},"end":{"line":96,"column":108}},"96":{"start":{"line":97,"column":0},"end":{"line":97,"column":89}},"97":{"start":{"line":98,"column":0},"end":{"line":98,"column":144}},"98":{"start":{"line":99,"column":0},"end":{"line":99,"column":39}},"99":{"start":{"line":100,"column":0},"end":{"line":100,"column":46}},"100":{"start":{"line":101,"column":0},"end":{"line":101,"column":47}},"101":{"start":{"line":102,"column":0},"end":{"line":102,"column":8}},"102":{"start":{"line":103,"column":0},"end":{"line":103,"column":7}},"103":{"start":{"line":104,"column":0},"end":{"line":104,"column":6}},"104":{"start":{"line":105,"column":0},"end":{"line":105,"column":41}},"105":{"start":{"line":106,"column":0},"end":{"line":106,"column":116}},"106":{"start":{"line":107,"column":0},"end":{"line":107,"column":68}},"107":{"start":{"line":108,"column":0},"end":{"line":108,"column":9}},"108":{"start":{"line":109,"column":0},"end":{"line":109,"column":11}},"109":{"start":{"line":110,"column":0},"end":{"line":110,"column":118}},"110":{"start":{"line":111,"column":0},"end":{"line":111,"column":12}},"111":{"start":{"line":112,"column":0},"end":{"line":112,"column":26}},"112":{"start":{"line":113,"column":0},"end":{"line":113,"column":12}},"113":{"start":{"line":114,"column":0},"end":{"line":114,"column":7}},"114":{"start":{"line":115,"column":0},"end":{"line":115,"column":9}},"115":{"start":{"line":116,"column":0},"end":{"line":116,"column":1}},"116":{"start":{"line":117,"column":0},"end":{"line":117,"column":0}},"117":{"start":{"line":118,"column":0},"end":{"line":118,"column":52}},"118":{"start":{"line":119,"column":0},"end":{"line":119,"column":23}},"119":{"start":{"line":120,"column":0},"end":{"line":120,"column":13}},"120":{"start":{"line":121,"column":0},"end":{"line":121,"column":76}},"121":{"start":{"line":122,"column":0},"end":{"line":122,"column":74}},"122":{"start":{"line":123,"column":0},"end":{"line":123,"column":77}},"123":{"start":{"line":124,"column":0},"end":{"line":124,"column":20}},"124":{"start":{"line":125,"column":0},"end":{"line":125,"column":22}},"125":{"start":{"line":126,"column":0},"end":{"line":126,"column":18}},"126":{"start":{"line":127,"column":0},"end":{"line":127,"column":35}},"127":{"start":{"line":128,"column":0},"end":{"line":128,"column":74}},"128":{"start":{"line":129,"column":0},"end":{"line":129,"column":39}},"129":{"start":{"line":130,"column":0},"end":{"line":130,"column":38}},"130":{"start":{"line":131,"column":0},"end":{"line":131,"column":12}},"131":{"start":{"line":132,"column":0},"end":{"line":132,"column":10}},"132":{"start":{"line":133,"column":0},"end":{"line":133,"column":8}},"133":{"start":{"line":134,"column":0},"end":{"line":134,"column":6}},"134":{"start":{"line":135,"column":0},"end":{"line":135,"column":5}},"135":{"start":{"line":136,"column":0},"end":{"line":136,"column":68}},"136":{"start":{"line":137,"column":0},"end":{"line":137,"column":73}},"137":{"start":{"line":138,"column":0},"end":{"line":138,"column":20}},"138":{"start":{"line":139,"column":0},"end":{"line":139,"column":41}},"139":{"start":{"line":140,"column":0},"end":{"line":140,"column":32}},"140":{"start":{"line":141,"column":0},"end":{"line":141,"column":5}},"141":{"start":{"line":142,"column":0},"end":{"line":142,"column":0}},"142":{"start":{"line":143,"column":0},"end":{"line":143,"column":53}},"143":{"start":{"line":144,"column":0},"end":{"line":144,"column":0}},"144":{"start":{"line":145,"column":0},"end":{"line":145,"column":75}},"145":{"start":{"line":146,"column":0},"end":{"line":146,"column":75}},"146":{"start":{"line":147,"column":0},"end":{"line":147,"column":69}},"147":{"start":{"line":148,"column":0},"end":{"line":148,"column":73}},"148":{"start":{"line":149,"column":0},"end":{"line":149,"column":29}},"149":{"start":{"line":150,"column":0},"end":{"line":150,"column":49}},"150":{"start":{"line":151,"column":0},"end":{"line":151,"column":82}},"151":{"start":{"line":152,"column":0},"end":{"line":152,"column":5}},"152":{"start":{"line":153,"column":0},"end":{"line":153,"column":0}},"153":{"start":{"line":154,"column":0},"end":{"line":154,"column":76}},"154":{"start":{"line":155,"column":0},"end":{"line":155,"column":72}},"155":{"start":{"line":156,"column":0},"end":{"line":156,"column":75}},"156":{"start":{"line":157,"column":0},"end":{"line":157,"column":73}},"157":{"start":{"line":158,"column":0},"end":{"line":158,"column":51}},"158":{"start":{"line":159,"column":0},"end":{"line":159,"column":47}},"159":{"start":{"line":160,"column":0},"end":{"line":160,"column":36}},"160":{"start":{"line":161,"column":0},"end":{"line":161,"column":68}},"161":{"start":{"line":162,"column":0},"end":{"line":162,"column":68}},"162":{"start":{"line":163,"column":0},"end":{"line":163,"column":31}},"163":{"start":{"line":164,"column":0},"end":{"line":164,"column":30}},"164":{"start":{"line":165,"column":0},"end":{"line":165,"column":47}},"165":{"start":{"line":166,"column":0},"end":{"line":166,"column":5}},"166":{"start":{"line":167,"column":0},"end":{"line":167,"column":74}},"167":{"start":{"line":168,"column":0},"end":{"line":168,"column":5}},"168":{"start":{"line":169,"column":0},"end":{"line":169,"column":0}},"169":{"start":{"line":170,"column":0},"end":{"line":170,"column":101}},"170":{"start":{"line":171,"column":0},"end":{"line":171,"column":36}},"171":{"start":{"line":172,"column":0},"end":{"line":172,"column":68}},"172":{"start":{"line":173,"column":0},"end":{"line":173,"column":68}},"173":{"start":{"line":174,"column":0},"end":{"line":174,"column":31}},"174":{"start":{"line":175,"column":0},"end":{"line":175,"column":30}},"175":{"start":{"line":176,"column":0},"end":{"line":176,"column":47}},"176":{"start":{"line":177,"column":0},"end":{"line":177,"column":5}},"177":{"start":{"line":178,"column":0},"end":{"line":178,"column":49}},"178":{"start":{"line":179,"column":0},"end":{"line":179,"column":74}},"179":{"start":{"line":180,"column":0},"end":{"line":180,"column":5}},"180":{"start":{"line":181,"column":0},"end":{"line":181,"column":0}},"181":{"start":{"line":182,"column":0},"end":{"line":182,"column":13}},"182":{"start":{"line":183,"column":0},"end":{"line":183,"column":1}}},"s":{"0":1,"1":1,"2":1,"3":1,"4":1,"5":3,"6":3,"7":3,"8":1,"9":55,"10":55,"11":55,"12":54,"13":54,"14":54,"15":54,"16":55,"17":32,"18":32,"19":1,"20":1,"21":1,"22":1,"23":1,"24":1,"25":1,"26":1,"27":1,"28":1,"29":56,"30":56,"31":56,"32":56,"33":56,"34":1,"35":56,"36":56,"37":56,"38":56,"39":1,"40":23,"41":23,"42":23,"43":0,"44":0,"45":0,"46":0,"47":23,"48":23,"49":2,"50":23,"51":21,"52":21,"53":23,"54":1,"55":1,"56":1,"57":1,"58":0,"59":0,"60":0,"61":0,"62":0,"63":1,"64":31,"65":31,"66":31,"67":31,"68":1,"69":1,"70":1,"71":1,"72":1,"73":1,"74":1,"75":1,"76":1,"77":1,"78":1,"79":1,"80":1,"81":1,"82":1,"83":31,"84":31,"85":31,"86":31,"87":31,"88":31,"89":31,"90":31,"91":31,"92":31,"93":31,"94":31,"95":31,"96":31,"97":31,"98":31,"99":31,"100":31,"101":31,"102":31,"103":31,"104":31,"105":31,"106":31,"107":1,"108":1,"109":1,"110":1,"111":1,"112":31,"113":31,"114":31,"115":31,"116":1,"117":1,"118":9,"119":9,"120":9,"121":9,"122":9,"123":9,"124":9,"125":60,"126":60,"127":60,"128":60,"129":60,"130":60,"131":60,"132":9,"133":9,"134":9,"135":9,"136":9,"137":9,"138":9,"139":60,"140":9,"141":9,"142":9,"143":9,"144":9,"145":9,"146":9,"147":9,"148":9,"149":9,"150":2,"151":9,"152":9,"153":9,"154":9,"155":9,"156":9,"157":9,"158":9,"159":54,"160":54,"161":53,"162":54,"163":22,"164":22,"165":22,"166":31,"167":9,"168":9,"169":9,"170":2,"171":2,"172":2,"173":2,"174":1,"175":1,"176":1,"177":1,"178":1,"179":9,"180":9,"181":9,"182":9},"branchMap":{"0":{"type":"branch","line":6,"loc":{"start":{"line":6,"column":0},"end":{"line":8,"column":1}},"locations":[{"start":{"line":6,"column":0},"end":{"line":8,"column":1}}]},"1":{"type":"branch","line":10,"loc":{"start":{"line":10,"column":0},"end":{"line":19,"column":1}},"locations":[{"start":{"line":10,"column":0},"end":{"line":19,"column":1}}]},"2":{"type":"branch","line":12,"loc":{"start":{"line":12,"column":7},"end":{"line":12,"column":51}},"locations":[{"start":{"line":12,"column":7},"end":{"line":12,"column":51}}]},"3":{"type":"branch","line":12,"loc":{"start":{"line":12,"column":39},"end":{"line":12,"column":62}},"locations":[{"start":{"line":12,"column":39},"end":{"line":12,"column":62}}]},"4":{"type":"branch","line":12,"loc":{"start":{"line":12,"column":62},"end":{"line":12,"column":75}},"locations":[{"start":{"line":12,"column":62},"end":{"line":12,"column":75}}]},"5":{"type":"branch","line":12,"loc":{"start":{"line":12,"column":69},"end":{"line":17,"column":36}},"locations":[{"start":{"line":12,"column":69},"end":{"line":17,"column":36}}]},"6":{"type":"branch","line":17,"loc":{"start":{"line":17,"column":29},"end":{"line":17,"column":42}},"locations":[{"start":{"line":17,"column":29},"end":{"line":17,"column":42}}]},"7":{"type":"branch","line":17,"loc":{"start":{"line":17,"column":36},"end":{"line":19,"column":1}},"locations":[{"start":{"line":17,"column":36},"end":{"line":19,"column":1}}]},"8":{"type":"branch","line":30,"loc":{"start":{"line":30,"column":0},"end":{"line":34,"column":1}},"locations":[{"start":{"line":30,"column":0},"end":{"line":34,"column":1}}]},"9":{"type":"branch","line":32,"loc":{"start":{"line":32,"column":44},"end":{"line":32,"column":63}},"locations":[{"start":{"line":32,"column":44},"end":{"line":32,"column":63}}]},"10":{"type":"branch","line":32,"loc":{"start":{"line":32,"column":84},"end":{"line":32,"column":129}},"locations":[{"start":{"line":32,"column":84},"end":{"line":32,"column":129}}]},"11":{"type":"branch","line":32,"loc":{"start":{"line":32,"column":125},"end":{"line":32,"column":139}},"locations":[{"start":{"line":32,"column":125},"end":{"line":32,"column":139}}]},"12":{"type":"branch","line":33,"loc":{"start":{"line":33,"column":9},"end":{"line":33,"column":37}},"locations":[{"start":{"line":33,"column":9},"end":{"line":33,"column":37}}]},"13":{"type":"branch","line":33,"loc":{"start":{"line":33,"column":31},"end":{"line":33,"column":47}},"locations":[{"start":{"line":33,"column":31},"end":{"line":33,"column":47}}]},"14":{"type":"branch","line":36,"loc":{"start":{"line":36,"column":0},"end":{"line":39,"column":1}},"locations":[{"start":{"line":36,"column":0},"end":{"line":39,"column":1}}]},"15":{"type":"branch","line":38,"loc":{"start":{"line":38,"column":17},"end":{"line":38,"column":56}},"locations":[{"start":{"line":38,"column":17},"end":{"line":38,"column":56}}]},"16":{"type":"branch","line":38,"loc":{"start":{"line":38,"column":45},"end":{"line":38,"column":89}},"locations":[{"start":{"line":38,"column":45},"end":{"line":38,"column":89}}]},"17":{"type":"branch","line":41,"loc":{"start":{"line":41,"column":0},"end":{"line":54,"column":1}},"locations":[{"start":{"line":41,"column":0},"end":{"line":54,"column":1}}]},"18":{"type":"branch","line":43,"loc":{"start":{"line":43,"column":45},"end":{"line":47,"column":3}},"locations":[{"start":{"line":43,"column":45},"end":{"line":47,"column":3}}]},"19":{"type":"branch","line":49,"loc":{"start":{"line":49,"column":7},"end":{"line":49,"column":37}},"locations":[{"start":{"line":49,"column":7},"end":{"line":49,"column":37}}]},"20":{"type":"branch","line":49,"loc":{"start":{"line":49,"column":37},"end":{"line":51,"column":9}},"locations":[{"start":{"line":49,"column":37},"end":{"line":51,"column":9}}]},"21":{"type":"branch","line":51,"loc":{"start":{"line":51,"column":2},"end":{"line":53,"column":3}},"locations":[{"start":{"line":51,"column":2},"end":{"line":53,"column":3}}]},"22":{"type":"branch","line":56,"loc":{"start":{"line":56,"column":0},"end":{"line":63,"column":1}},"locations":[{"start":{"line":56,"column":0},"end":{"line":63,"column":1}}]},"23":{"type":"branch","line":58,"loc":{"start":{"line":58,"column":37},"end":{"line":63,"column":1}},"locations":[{"start":{"line":58,"column":37},"end":{"line":63,"column":1}}]},"24":{"type":"branch","line":65,"loc":{"start":{"line":65,"column":0},"end":{"line":116,"column":1}},"locations":[{"start":{"line":65,"column":0},"end":{"line":116,"column":1}}]},"25":{"type":"branch","line":107,"loc":{"start":{"line":107,"column":21},"end":{"line":107,"column":67}},"locations":[{"start":{"line":107,"column":21},"end":{"line":107,"column":67}}]},"26":{"type":"branch","line":107,"loc":{"start":{"line":107,"column":25},"end":{"line":112,"column":26}},"locations":[{"start":{"line":107,"column":25},"end":{"line":112,"column":26}}]},"27":{"type":"branch","line":68,"loc":{"start":{"line":68,"column":9},"end":{"line":84,"column":5}},"locations":[{"start":{"line":68,"column":9},"end":{"line":84,"column":5}}]},"28":{"type":"branch","line":72,"loc":{"start":{"line":72,"column":27},"end":{"line":72,"column":37}},"locations":[{"start":{"line":72,"column":27},"end":{"line":72,"column":37}}]},"29":{"type":"branch","line":75,"loc":{"start":{"line":75,"column":16},"end":{"line":75,"column":41}},"locations":[{"start":{"line":75,"column":16},"end":{"line":75,"column":41}}]},"30":{"type":"branch","line":118,"loc":{"start":{"line":118,"column":7},"end":{"line":183,"column":1}},"locations":[{"start":{"line":118,"column":7},"end":{"line":183,"column":1}}]},"31":{"type":"branch","line":125,"loc":{"start":{"line":125,"column":8},"end":{"line":132,"column":10}},"locations":[{"start":{"line":125,"column":8},"end":{"line":132,"column":10}}]},"32":{"type":"branch","line":139,"loc":{"start":{"line":139,"column":28},"end":{"line":141,"column":3}},"locations":[{"start":{"line":139,"column":28},"end":{"line":141,"column":3}}]},"33":{"type":"branch","line":143,"loc":{"start":{"line":143,"column":21},"end":{"line":143,"column":51}},"locations":[{"start":{"line":143,"column":21},"end":{"line":143,"column":51}}]},"34":{"type":"branch","line":150,"loc":{"start":{"line":150,"column":22},"end":{"line":152,"column":3}},"locations":[{"start":{"line":150,"column":22},"end":{"line":152,"column":3}}]},"35":{"type":"branch","line":159,"loc":{"start":{"line":159,"column":20},"end":{"line":168,"column":3}},"locations":[{"start":{"line":159,"column":20},"end":{"line":168,"column":3}}]},"36":{"type":"branch","line":161,"loc":{"start":{"line":161,"column":27},"end":{"line":161,"column":68}},"locations":[{"start":{"line":161,"column":27},"end":{"line":161,"column":68}}]},"37":{"type":"branch","line":161,"loc":{"start":{"line":161,"column":66},"end":{"line":162,"column":68}},"locations":[{"start":{"line":161,"column":66},"end":{"line":162,"column":68}}]},"38":{"type":"branch","line":163,"loc":{"start":{"line":163,"column":30},"end":{"line":166,"column":5}},"locations":[{"start":{"line":163,"column":30},"end":{"line":166,"column":5}}]},"39":{"type":"branch","line":166,"loc":{"start":{"line":166,"column":4},"end":{"line":167,"column":74}},"locations":[{"start":{"line":166,"column":4},"end":{"line":167,"column":74}}]},"40":{"type":"branch","line":170,"loc":{"start":{"line":170,"column":74},"end":{"line":180,"column":3}},"locations":[{"start":{"line":170,"column":74},"end":{"line":180,"column":3}}]},"41":{"type":"branch","line":172,"loc":{"start":{"line":172,"column":27},"end":{"line":172,"column":68}},"locations":[{"start":{"line":172,"column":27},"end":{"line":172,"column":68}}]},"42":{"type":"branch","line":174,"loc":{"start":{"line":174,"column":30},"end":{"line":179,"column":74}},"locations":[{"start":{"line":174,"column":30},"end":{"line":179,"column":74}}]}},"b":{"0":[3],"1":[55],"2":[54],"3":[54],"4":[1],"5":[54],"6":[22],"7":[32],"8":[56],"9":[0],"10":[51],"11":[5],"12":[5],"13":[0],"14":[56],"15":[24],"16":[24],"17":[23],"18":[0],"19":[21],"20":[2],"21":[21],"22":[1],"23":[0],"24":[31],"25":[30],"26":[1],"27":[1],"28":[0],"29":[0],"30":[9],"31":[60],"32":[60],"33":[2],"34":[2],"35":[54],"36":[1],"37":[53],"38":[22],"39":[31],"40":[2],"41":[0],"42":[1]},"fnMap":{"0":{"name":"escapeHtml","decl":{"start":{"line":6,"column":0},"end":{"line":8,"column":1}},"loc":{"start":{"line":6,"column":0},"end":{"line":8,"column":1}},"line":6},"1":{"name":"isValidToken","decl":{"start":{"line":10,"column":0},"end":{"line":19,"column":1}},"loc":{"start":{"line":10,"column":0},"end":{"line":19,"column":1}},"line":10},"2":{"name":"getClientIp","decl":{"start":{"line":30,"column":0},"end":{"line":34,"column":1}},"loc":{"start":{"line":30,"column":0},"end":{"line":34,"column":1}},"line":30},"3":{"name":"isRateLimited","decl":{"start":{"line":36,"column":0},"end":{"line":39,"column":1}},"loc":{"start":{"line":36,"column":0},"end":{"line":39,"column":1}},"line":36},"4":{"name":"recordFailedAttempt","decl":{"start":{"line":41,"column":0},"end":{"line":54,"column":1}},"loc":{"start":{"line":41,"column":0},"end":{"line":54,"column":1}},"line":41},"5":{"name":"formatIdle","decl":{"start":{"line":56,"column":0},"end":{"line":63,"column":1}},"loc":{"start":{"line":56,"column":0},"end":{"line":63,"column":1}},"line":56},"6":{"name":"renderAdminPage","decl":{"start":{"line":65,"column":0},"end":{"line":116,"column":1}},"loc":{"start":{"line":65,"column":0},"end":{"line":116,"column":1}},"line":65},"7":{"name":"createHttpServer","decl":{"start":{"line":118,"column":7},"end":{"line":183,"column":1}},"loc":{"start":{"line":118,"column":7},"end":{"line":183,"column":1}},"line":118},"8":{"name":"req","decl":{"start":{"line":125,"column":8},"end":{"line":132,"column":10}},"loc":{"start":{"line":125,"column":8},"end":{"line":132,"column":10}},"line":125}},"f":{"0":3,"1":55,"2":56,"3":56,"4":23,"5":1,"6":31,"7":9,"8":60}}
,"C:\\Users\\sws22\\Claude\\Code\\kvitlach\\backend\\src\\metrics.ts": {"path":"C:\\Users\\sws22\\Claude\\Code\\kvitlach\\backend\\src\\metrics.ts","all":false,"statementMap":{"0":{"start":{"line":1,"column":0},"end":{"line":1,"column":77}},"1":{"start":{"line":2,"column":0},"end":{"line":2,"column":74}},"2":{"start":{"line":3,"column":0},"end":{"line":3,"column":74}},"3":{"start":{"line":4,"column":0},"end":{"line":4,"column":68}},"4":{"start":{"line":5,"column":0},"end":{"line":5,"column":73}},"5":{"start":{"line":6,"column":0},"end":{"line":6,"column":2}},"6":{"start":{"line":7,"column":0},"end":{"line":7,"column":74}},"7":{"start":{"line":8,"column":0},"end":{"line":8,"column":72}},"8":{"start":{"line":9,"column":0},"end":{"line":9,"column":72}},"9":{"start":{"line":10,"column":0},"end":{"line":10,"column":2}},"10":{"start":{"line":11,"column":0},"end":{"line":11,"column":73}},"11":{"start":{"line":12,"column":0},"end":{"line":12,"column":74}},"12":{"start":{"line":13,"column":0},"end":{"line":13,"column":74}},"13":{"start":{"line":14,"column":0},"end":{"line":14,"column":20}},"14":{"start":{"line":15,"column":0},"end":{"line":15,"column":0}},"15":{"start":{"line":16,"column":0},"end":{"line":16,"column":74}},"16":{"start":{"line":17,"column":0},"end":{"line":17,"column":71}},"17":{"start":{"line":18,"column":0},"end":{"line":18,"column":70}},"18":{"start":{"line":19,"column":0},"end":{"line":19,"column":36}},"19":{"start":{"line":20,"column":0},"end":{"line":20,"column":75}},"20":{"start":{"line":21,"column":0},"end":{"line":21,"column":0}},"21":{"start":{"line":22,"column":0},"end":{"line":22,"column":22}},"22":{"start":{"line":23,"column":0},"end":{"line":23,"column":53}},"23":{"start":{"line":24,"column":0},"end":{"line":24,"column":32}},"24":{"start":{"line":25,"column":0},"end":{"line":25,"column":33}},"25":{"start":{"line":26,"column":0},"end":{"line":26,"column":35}},"26":{"start":{"line":27,"column":0},"end":{"line":27,"column":30}},"27":{"start":{"line":28,"column":0},"end":{"line":28,"column":35}},"28":{"start":{"line":29,"column":0},"end":{"line":29,"column":38}},"29":{"start":{"line":30,"column":0},"end":{"line":30,"column":40}},"30":{"start":{"line":31,"column":0},"end":{"line":31,"column":75}},"31":{"start":{"line":32,"column":0},"end":{"line":32,"column":73}},"32":{"start":{"line":33,"column":0},"end":{"line":33,"column":70}},"33":{"start":{"line":34,"column":0},"end":{"line":34,"column":95}},"34":{"start":{"line":35,"column":0},"end":{"line":35,"column":0}},"35":{"start":{"line":36,"column":0},"end":{"line":36,"column":29}},"36":{"start":{"line":37,"column":0},"end":{"line":37,"column":32}},"37":{"start":{"line":38,"column":0},"end":{"line":38,"column":3}},"38":{"start":{"line":39,"column":0},"end":{"line":39,"column":0}},"39":{"start":{"line":40,"column":0},"end":{"line":40,"column":30}},"40":{"start":{"line":41,"column":0},"end":{"line":41,"column":33}},"41":{"start":{"line":42,"column":0},"end":{"line":42,"column":35}},"42":{"start":{"line":43,"column":0},"end":{"line":43,"column":3}},"43":{"start":{"line":44,"column":0},"end":{"line":44,"column":0}},"44":{"start":{"line":45,"column":0},"end":{"line":45,"column":30}},"45":{"start":{"line":46,"column":0},"end":{"line":46,"column":75}},"46":{"start":{"line":47,"column":0},"end":{"line":47,"column":3}},"47":{"start":{"line":48,"column":0},"end":{"line":48,"column":0}},"48":{"start":{"line":49,"column":0},"end":{"line":49,"column":29}},"49":{"start":{"line":50,"column":0},"end":{"line":50,"column":30}},"50":{"start":{"line":51,"column":0},"end":{"line":51,"column":3}},"51":{"start":{"line":52,"column":0},"end":{"line":52,"column":0}},"52":{"start":{"line":53,"column":0},"end":{"line":53,"column":77}},"53":{"start":{"line":54,"column":0},"end":{"line":54,"column":43}},"54":{"start":{"line":55,"column":0},"end":{"line":55,"column":49}},"55":{"start":{"line":56,"column":0},"end":{"line":56,"column":3}},"56":{"start":{"line":57,"column":0},"end":{"line":57,"column":0}},"57":{"start":{"line":58,"column":0},"end":{"line":58,"column":76}},"58":{"start":{"line":59,"column":0},"end":{"line":59,"column":69}},"59":{"start":{"line":60,"column":0},"end":{"line":60,"column":76}},"60":{"start":{"line":61,"column":0},"end":{"line":61,"column":42}},"61":{"start":{"line":62,"column":0},"end":{"line":62,"column":41}},"62":{"start":{"line":63,"column":0},"end":{"line":63,"column":55}},"63":{"start":{"line":64,"column":0},"end":{"line":64,"column":40}},"64":{"start":{"line":65,"column":0},"end":{"line":65,"column":35}},"65":{"start":{"line":66,"column":0},"end":{"line":66,"column":75}},"66":{"start":{"line":67,"column":0},"end":{"line":67,"column":73}},"67":{"start":{"line":68,"column":0},"end":{"line":68,"column":61}},"68":{"start":{"line":69,"column":0},"end":{"line":69,"column":40}},"69":{"start":{"line":70,"column":0},"end":{"line":70,"column":52}},"70":{"start":{"line":71,"column":0},"end":{"line":71,"column":44}},"71":{"start":{"line":72,"column":0},"end":{"line":72,"column":40}},"72":{"start":{"line":73,"column":0},"end":{"line":73,"column":72}},"73":{"start":{"line":74,"column":0},"end":{"line":74,"column":95}},"74":{"start":{"line":75,"column":0},"end":{"line":75,"column":5}},"75":{"start":{"line":76,"column":0},"end":{"line":76,"column":3}},"76":{"start":{"line":77,"column":0},"end":{"line":77,"column":0}},"77":{"start":{"line":78,"column":0},"end":{"line":78,"column":20}},"78":{"start":{"line":79,"column":0},"end":{"line":79,"column":31}},"79":{"start":{"line":80,"column":0},"end":{"line":80,"column":0}},"80":{"start":{"line":81,"column":0},"end":{"line":81,"column":81}},"81":{"start":{"line":82,"column":0},"end":{"line":82,"column":62}},"82":{"start":{"line":83,"column":0},"end":{"line":83,"column":73}},"83":{"start":{"line":84,"column":0},"end":{"line":84,"column":0}},"84":{"start":{"line":85,"column":0},"end":{"line":85,"column":95}},"85":{"start":{"line":86,"column":0},"end":{"line":86,"column":63}},"86":{"start":{"line":87,"column":0},"end":{"line":87,"column":79}},"87":{"start":{"line":88,"column":0},"end":{"line":88,"column":0}},"88":{"start":{"line":89,"column":0},"end":{"line":89,"column":113}},"89":{"start":{"line":90,"column":0},"end":{"line":90,"column":63}},"90":{"start":{"line":91,"column":0},"end":{"line":91,"column":75}},"91":{"start":{"line":92,"column":0},"end":{"line":92,"column":0}},"92":{"start":{"line":93,"column":0},"end":{"line":93,"column":87}},"93":{"start":{"line":94,"column":0},"end":{"line":94,"column":60}},"94":{"start":{"line":95,"column":0},"end":{"line":95,"column":69}},"95":{"start":{"line":96,"column":0},"end":{"line":96,"column":0}},"96":{"start":{"line":97,"column":0},"end":{"line":97,"column":99}},"97":{"start":{"line":98,"column":0},"end":{"line":98,"column":65}},"98":{"start":{"line":99,"column":0},"end":{"line":99,"column":79}},"99":{"start":{"line":100,"column":0},"end":{"line":100,"column":0}},"100":{"start":{"line":101,"column":0},"end":{"line":101,"column":107}},"101":{"start":{"line":102,"column":0},"end":{"line":102,"column":67}},"102":{"start":{"line":103,"column":0},"end":{"line":103,"column":58}},"103":{"start":{"line":104,"column":0},"end":{"line":104,"column":111}},"104":{"start":{"line":105,"column":0},"end":{"line":105,"column":7}},"105":{"start":{"line":106,"column":0},"end":{"line":106,"column":102}},"106":{"start":{"line":107,"column":0},"end":{"line":107,"column":86}},"107":{"start":{"line":108,"column":0},"end":{"line":108,"column":90}},"108":{"start":{"line":109,"column":0},"end":{"line":109,"column":0}},"109":{"start":{"line":110,"column":0},"end":{"line":110,"column":35}},"110":{"start":{"line":111,"column":0},"end":{"line":111,"column":3}},"111":{"start":{"line":112,"column":0},"end":{"line":112,"column":1}},"112":{"start":{"line":113,"column":0},"end":{"line":113,"column":0}},"113":{"start":{"line":114,"column":0},"end":{"line":114,"column":37}}},"s":{"0":1,"1":1,"2":1,"3":1,"4":1,"5":1,"6":1,"7":1,"8":1,"9":1,"10":1,"11":1,"12":1,"13":1,"14":1,"15":1,"16":1,"17":1,"18":1,"19":1,"20":1,"21":1,"22":27,"23":27,"24":27,"25":27,"26":27,"27":27,"28":27,"29":27,"30":27,"31":27,"32":27,"33":27,"34":1,"35":1,"36":62,"37":62,"38":1,"39":1,"40":102,"41":102,"42":102,"43":1,"44":1,"45":17,"46":17,"47":1,"48":1,"49":261,"50":261,"51":1,"52":1,"53":1,"54":1947,"55":1947,"56":1,"57":1,"58":1,"59":1,"60":1,"61":1,"62":1821,"63":1821,"64":1821,"65":1821,"66":1821,"67":1821,"68":1821,"69":1819,"70":1819,"71":1819,"72":1821,"73":12733,"74":12733,"75":1821,"76":1,"77":1,"78":9,"79":9,"80":9,"81":9,"82":9,"83":9,"84":9,"85":9,"86":9,"87":9,"88":9,"89":9,"90":9,"91":9,"92":9,"93":9,"94":9,"95":9,"96":9,"97":9,"98":9,"99":9,"100":9,"101":9,"102":9,"103":63,"104":9,"105":9,"106":9,"107":9,"108":9,"109":9,"110":9,"111":1,"112":1,"113":1},"branchMap":{"0":{"type":"branch","line":22,"loc":{"start":{"line":22,"column":7},"end":{"line":34,"column":95}},"locations":[{"start":{"line":22,"column":7},"end":{"line":34,"column":95}}]},"1":{"type":"branch","line":36,"loc":{"start":{"line":36,"column":2},"end":{"line":38,"column":3}},"locations":[{"start":{"line":36,"column":2},"end":{"line":38,"column":3}}]},"2":{"type":"branch","line":40,"loc":{"start":{"line":40,"column":2},"end":{"line":43,"column":3}},"locations":[{"start":{"line":40,"column":2},"end":{"line":43,"column":3}}]},"3":{"type":"branch","line":45,"loc":{"start":{"line":45,"column":2},"end":{"line":47,"column":3}},"locations":[{"start":{"line":45,"column":2},"end":{"line":47,"column":3}}]},"4":{"type":"branch","line":49,"loc":{"start":{"line":49,"column":2},"end":{"line":51,"column":3}},"locations":[{"start":{"line":49,"column":2},"end":{"line":51,"column":3}}]},"5":{"type":"branch","line":54,"loc":{"start":{"line":54,"column":2},"end":{"line":56,"column":3}},"locations":[{"start":{"line":54,"column":2},"end":{"line":56,"column":3}}]},"6":{"type":"branch","line":62,"loc":{"start":{"line":62,"column":2},"end":{"line":76,"column":3}},"locations":[{"start":{"line":62,"column":2},"end":{"line":76,"column":3}}]},"7":{"type":"branch","line":69,"loc":{"start":{"line":69,"column":33},"end":{"line":73,"column":71}},"locations":[{"start":{"line":69,"column":33},"end":{"line":73,"column":71}}]},"8":{"type":"branch","line":69,"loc":{"start":{"line":69,"column":33},"end":{"line":69,"column":40}},"locations":[{"start":{"line":69,"column":33},"end":{"line":69,"column":40}}]},"9":{"type":"branch","line":73,"loc":{"start":{"line":73,"column":71},"end":{"line":75,"column":5}},"locations":[{"start":{"line":73,"column":71},"end":{"line":75,"column":5}}]},"10":{"type":"branch","line":74,"loc":{"start":{"line":74,"column":56},"end":{"line":74,"column":95}},"locations":[{"start":{"line":74,"column":56},"end":{"line":74,"column":95}}]},"11":{"type":"branch","line":75,"loc":{"start":{"line":75,"column":4},"end":{"line":75,"column":5}},"locations":[{"start":{"line":75,"column":4},"end":{"line":75,"column":5}}]},"12":{"type":"branch","line":78,"loc":{"start":{"line":78,"column":2},"end":{"line":111,"column":3}},"locations":[{"start":{"line":78,"column":2},"end":{"line":111,"column":3}}]},"13":{"type":"branch","line":103,"loc":{"start":{"line":103,"column":43},"end":{"line":105,"column":5}},"locations":[{"start":{"line":103,"column":43},"end":{"line":105,"column":5}}]}},"b":{"0":[27],"1":[62],"2":[102],"3":[17],"4":[261],"5":[1947],"6":[1821],"7":[1819],"8":[2],"9":[12733],"10":[12720],"11":[1819],"12":[9],"13":[63]},"fnMap":{"0":{"name":"Metrics","decl":{"start":{"line":22,"column":7},"end":{"line":34,"column":95}},"loc":{"start":{"line":22,"column":7},"end":{"line":34,"column":95}},"line":22},"1":{"name":"recordHttpRequest","decl":{"start":{"line":36,"column":2},"end":{"line":38,"column":3}},"loc":{"start":{"line":36,"column":2},"end":{"line":38,"column":3}},"line":36},"2":{"name":"wsConnectionOpened","decl":{"start":{"line":40,"column":2},"end":{"line":43,"column":3}},"loc":{"start":{"line":40,"column":2},"end":{"line":43,"column":3}},"line":40},"3":{"name":"wsConnectionClosed","decl":{"start":{"line":45,"column":2},"end":{"line":47,"column":3}},"loc":{"start":{"line":45,"column":2},"end":{"line":47,"column":3}},"line":45},"4":{"name":"wsMessageReceived","decl":{"start":{"line":49,"column":2},"end":{"line":51,"column":3}},"loc":{"start":{"line":49,"column":2},"end":{"line":51,"column":3}},"line":49},"5":{"name":"recordRoundStart","decl":{"start":{"line":54,"column":2},"end":{"line":56,"column":3}},"loc":{"start":{"line":54,"column":2},"end":{"line":56,"column":3}},"line":54},"6":{"name":"recordRoundEnd","decl":{"start":{"line":62,"column":2},"end":{"line":76,"column":3}},"loc":{"start":{"line":62,"column":2},"end":{"line":76,"column":3}},"line":62},"7":{"name":"render","decl":{"start":{"line":78,"column":2},"end":{"line":111,"column":3}},"loc":{"start":{"line":78,"column":2},"end":{"line":111,"column":3}},"line":78}},"f":{"0":27,"1":62,"2":102,"3":17,"4":261,"5":1947,"6":1821,"7":9}}
,"C:\\Users\\sws22\\Claude\\Code\\kvitlach\\backend\\src\\round.ts": {"path":"C:\\Users\\sws22\\Claude\\Code\\kvitlach\\backend\\src\\round.ts","all":false,"statementMap":{"0":{"start":{"line":1,"column":0},"end":{"line":1,"column":34}},"1":{"start":{"line":2,"column":0},"end":{"line":2,"column":45}},"2":{"start":{"line":3,"column":0},"end":{"line":3,"column":64}},"3":{"start":{"line":4,"column":0},"end":{"line":4,"column":100}},"4":{"start":{"line":5,"column":0},"end":{"line":5,"column":0}},"5":{"start":{"line":6,"column":0},"end":{"line":6,"column":21}},"6":{"start":{"line":7,"column":0},"end":{"line":7,"column":0}},"7":{"start":{"line":8,"column":0},"end":{"line":8,"column":50}},"8":{"start":{"line":9,"column":0},"end":{"line":9,"column":25}},"9":{"start":{"line":10,"column":0},"end":{"line":10,"column":29}},"10":{"start":{"line":11,"column":0},"end":{"line":11,"column":29}},"11":{"start":{"line":12,"column":0},"end":{"line":12,"column":30}},"12":{"start":{"line":13,"column":0},"end":{"line":13,"column":31}},"13":{"start":{"line":14,"column":0},"end":{"line":14,"column":74}},"14":{"start":{"line":15,"column":0},"end":{"line":15,"column":70}},"15":{"start":{"line":16,"column":0},"end":{"line":16,"column":28}},"16":{"start":{"line":17,"column":0},"end":{"line":17,"column":1}},"17":{"start":{"line":18,"column":0},"end":{"line":18,"column":0}},"18":{"start":{"line":19,"column":0},"end":{"line":19,"column":77}},"19":{"start":{"line":20,"column":0},"end":{"line":20,"column":75}},"20":{"start":{"line":21,"column":0},"end":{"line":21,"column":2}},"21":{"start":{"line":22,"column":0},"end":{"line":22,"column":72}},"22":{"start":{"line":23,"column":0},"end":{"line":23,"column":74}},"23":{"start":{"line":24,"column":0},"end":{"line":24,"column":74}},"24":{"start":{"line":25,"column":0},"end":{"line":25,"column":75}},"25":{"start":{"line":26,"column":0},"end":{"line":26,"column":70}},"26":{"start":{"line":27,"column":0},"end":{"line":27,"column":68}},"27":{"start":{"line":28,"column":0},"end":{"line":28,"column":70}},"28":{"start":{"line":29,"column":0},"end":{"line":29,"column":72}},"29":{"start":{"line":30,"column":0},"end":{"line":30,"column":67}},"30":{"start":{"line":31,"column":0},"end":{"line":31,"column":72}},"31":{"start":{"line":32,"column":0},"end":{"line":32,"column":67}},"32":{"start":{"line":33,"column":0},"end":{"line":33,"column":54}},"33":{"start":{"line":34,"column":0},"end":{"line":34,"column":29}},"34":{"start":{"line":35,"column":0},"end":{"line":35,"column":63}},"35":{"start":{"line":36,"column":0},"end":{"line":36,"column":31}},"36":{"start":{"line":37,"column":0},"end":{"line":37,"column":1}},"37":{"start":{"line":38,"column":0},"end":{"line":38,"column":0}},"38":{"start":{"line":39,"column":0},"end":{"line":39,"column":76}},"39":{"start":{"line":40,"column":0},"end":{"line":40,"column":75}},"40":{"start":{"line":41,"column":0},"end":{"line":41,"column":72}},"41":{"start":{"line":42,"column":0},"end":{"line":42,"column":75}},"42":{"start":{"line":43,"column":0},"end":{"line":43,"column":71}},"43":{"start":{"line":44,"column":0},"end":{"line":44,"column":75}},"44":{"start":{"line":45,"column":0},"end":{"line":45,"column":52}},"45":{"start":{"line":46,"column":0},"end":{"line":46,"column":76}},"46":{"start":{"line":47,"column":0},"end":{"line":47,"column":75}},"47":{"start":{"line":48,"column":0},"end":{"line":48,"column":61}},"48":{"start":{"line":49,"column":0},"end":{"line":49,"column":28}},"49":{"start":{"line":50,"column":0},"end":{"line":50,"column":20}},"50":{"start":{"line":51,"column":0},"end":{"line":51,"column":17}},"51":{"start":{"line":52,"column":0},"end":{"line":52,"column":26}},"52":{"start":{"line":53,"column":0},"end":{"line":53,"column":18}},"53":{"start":{"line":54,"column":0},"end":{"line":54,"column":24}},"54":{"start":{"line":55,"column":0},"end":{"line":55,"column":75}},"55":{"start":{"line":56,"column":0},"end":{"line":56,"column":72}},"56":{"start":{"line":57,"column":0},"end":{"line":57,"column":75}},"57":{"start":{"line":58,"column":0},"end":{"line":58,"column":75}},"58":{"start":{"line":59,"column":0},"end":{"line":59,"column":24}},"59":{"start":{"line":60,"column":0},"end":{"line":60,"column":17}},"60":{"start":{"line":61,"column":0},"end":{"line":61,"column":94}},"61":{"start":{"line":62,"column":0},"end":{"line":62,"column":50}},"62":{"start":{"line":63,"column":0},"end":{"line":63,"column":32}},"63":{"start":{"line":64,"column":0},"end":{"line":64,"column":37}},"64":{"start":{"line":65,"column":0},"end":{"line":65,"column":50}},"65":{"start":{"line":66,"column":0},"end":{"line":66,"column":32}},"66":{"start":{"line":67,"column":0},"end":{"line":67,"column":3}},"67":{"start":{"line":68,"column":0},"end":{"line":68,"column":0}},"68":{"start":{"line":69,"column":0},"end":{"line":69,"column":68}},"69":{"start":{"line":70,"column":0},"end":{"line":70,"column":0}},"70":{"start":{"line":71,"column":0},"end":{"line":71,"column":10}},"71":{"start":{"line":72,"column":0},"end":{"line":72,"column":20}},"72":{"start":{"line":73,"column":0},"end":{"line":73,"column":11}},"73":{"start":{"line":74,"column":0},"end":{"line":74,"column":20}},"74":{"start":{"line":75,"column":0},"end":{"line":75,"column":10}},"75":{"start":{"line":76,"column":0},"end":{"line":76,"column":21}},"76":{"start":{"line":77,"column":0},"end":{"line":77,"column":14}},"77":{"start":{"line":78,"column":0},"end":{"line":78,"column":16}},"78":{"start":{"line":79,"column":0},"end":{"line":79,"column":62}},"79":{"start":{"line":80,"column":0},"end":{"line":80,"column":4}},"80":{"start":{"line":81,"column":0},"end":{"line":81,"column":1}},"81":{"start":{"line":82,"column":0},"end":{"line":82,"column":0}},"82":{"start":{"line":83,"column":0},"end":{"line":83,"column":76}},"83":{"start":{"line":84,"column":0},"end":{"line":84,"column":75}},"84":{"start":{"line":85,"column":0},"end":{"line":85,"column":71}},"85":{"start":{"line":86,"column":0},"end":{"line":86,"column":76}},"86":{"start":{"line":87,"column":0},"end":{"line":87,"column":76}},"87":{"start":{"line":88,"column":0},"end":{"line":88,"column":75}},"88":{"start":{"line":89,"column":0},"end":{"line":89,"column":69}},"89":{"start":{"line":90,"column":0},"end":{"line":90,"column":29}},"90":{"start":{"line":91,"column":0},"end":{"line":91,"column":70}},"91":{"start":{"line":92,"column":0},"end":{"line":92,"column":61}},"92":{"start":{"line":93,"column":0},"end":{"line":93,"column":37}},"93":{"start":{"line":94,"column":0},"end":{"line":94,"column":30}},"94":{"start":{"line":95,"column":0},"end":{"line":95,"column":1}},"95":{"start":{"line":96,"column":0},"end":{"line":96,"column":0}},"96":{"start":{"line":97,"column":0},"end":{"line":97,"column":73}},"97":{"start":{"line":98,"column":0},"end":{"line":98,"column":74}},"98":{"start":{"line":99,"column":0},"end":{"line":99,"column":76}},"99":{"start":{"line":100,"column":0},"end":{"line":100,"column":69}},"100":{"start":{"line":101,"column":0},"end":{"line":101,"column":70}},"101":{"start":{"line":102,"column":0},"end":{"line":102,"column":77}},"102":{"start":{"line":103,"column":0},"end":{"line":103,"column":75}},"103":{"start":{"line":104,"column":0},"end":{"line":104,"column":75}},"104":{"start":{"line":105,"column":0},"end":{"line":105,"column":29}},"105":{"start":{"line":106,"column":0},"end":{"line":106,"column":102}},"106":{"start":{"line":107,"column":0},"end":{"line":107,"column":66}},"107":{"start":{"line":108,"column":0},"end":{"line":108,"column":77}},"108":{"start":{"line":109,"column":0},"end":{"line":109,"column":76}},"109":{"start":{"line":110,"column":0},"end":{"line":110,"column":74}},"110":{"start":{"line":111,"column":0},"end":{"line":111,"column":73}},"111":{"start":{"line":112,"column":0},"end":{"line":112,"column":47}},"112":{"start":{"line":113,"column":0},"end":{"line":113,"column":77}},"113":{"start":{"line":114,"column":0},"end":{"line":114,"column":117}},"114":{"start":{"line":115,"column":0},"end":{"line":115,"column":27}},"115":{"start":{"line":116,"column":0},"end":{"line":116,"column":89}},"116":{"start":{"line":117,"column":0},"end":{"line":117,"column":17}},"117":{"start":{"line":118,"column":0},"end":{"line":118,"column":1}},"118":{"start":{"line":119,"column":0},"end":{"line":119,"column":0}},"119":{"start":{"line":120,"column":0},"end":{"line":120,"column":117}},"120":{"start":{"line":121,"column":0},"end":{"line":121,"column":75}},"121":{"start":{"line":122,"column":0},"end":{"line":122,"column":55}},"122":{"start":{"line":123,"column":0},"end":{"line":123,"column":38}},"123":{"start":{"line":124,"column":0},"end":{"line":124,"column":71}},"124":{"start":{"line":125,"column":0},"end":{"line":125,"column":68}},"125":{"start":{"line":126,"column":0},"end":{"line":126,"column":78}},"126":{"start":{"line":127,"column":0},"end":{"line":127,"column":68}},"127":{"start":{"line":128,"column":0},"end":{"line":128,"column":0}},"128":{"start":{"line":129,"column":0},"end":{"line":129,"column":57}},"129":{"start":{"line":130,"column":0},"end":{"line":130,"column":77}},"130":{"start":{"line":131,"column":0},"end":{"line":131,"column":84}},"131":{"start":{"line":132,"column":0},"end":{"line":132,"column":0}},"132":{"start":{"line":133,"column":0},"end":{"line":133,"column":35}},"133":{"start":{"line":134,"column":0},"end":{"line":134,"column":0}},"134":{"start":{"line":135,"column":0},"end":{"line":135,"column":29}},"135":{"start":{"line":136,"column":0},"end":{"line":136,"column":12}},"136":{"start":{"line":137,"column":0},"end":{"line":137,"column":16}},"137":{"start":{"line":138,"column":0},"end":{"line":138,"column":76}},"138":{"start":{"line":139,"column":0},"end":{"line":139,"column":42}},"139":{"start":{"line":140,"column":0},"end":{"line":140,"column":53}},"140":{"start":{"line":141,"column":0},"end":{"line":141,"column":70}},"141":{"start":{"line":142,"column":0},"end":{"line":142,"column":72}},"142":{"start":{"line":143,"column":0},"end":{"line":143,"column":43}},"143":{"start":{"line":144,"column":0},"end":{"line":144,"column":40}},"144":{"start":{"line":145,"column":0},"end":{"line":145,"column":4}},"145":{"start":{"line":146,"column":0},"end":{"line":146,"column":0}},"146":{"start":{"line":147,"column":0},"end":{"line":147,"column":83}},"147":{"start":{"line":148,"column":0},"end":{"line":148,"column":64}},"148":{"start":{"line":149,"column":0},"end":{"line":149,"column":1}},"149":{"start":{"line":150,"column":0},"end":{"line":150,"column":0}},"150":{"start":{"line":151,"column":0},"end":{"line":151,"column":101}},"151":{"start":{"line":152,"column":0},"end":{"line":152,"column":75}},"152":{"start":{"line":153,"column":0},"end":{"line":153,"column":55}},"153":{"start":{"line":154,"column":0},"end":{"line":154,"column":38}},"154":{"start":{"line":155,"column":0},"end":{"line":155,"column":71}},"155":{"start":{"line":156,"column":0},"end":{"line":156,"column":68}},"156":{"start":{"line":157,"column":0},"end":{"line":157,"column":68}},"157":{"start":{"line":158,"column":0},"end":{"line":158,"column":0}},"158":{"start":{"line":159,"column":0},"end":{"line":159,"column":57}},"159":{"start":{"line":160,"column":0},"end":{"line":160,"column":77}},"160":{"start":{"line":161,"column":0},"end":{"line":161,"column":84}},"161":{"start":{"line":162,"column":0},"end":{"line":162,"column":0}},"162":{"start":{"line":163,"column":0},"end":{"line":163,"column":47}},"163":{"start":{"line":164,"column":0},"end":{"line":164,"column":35}},"164":{"start":{"line":165,"column":0},"end":{"line":165,"column":0}},"165":{"start":{"line":166,"column":0},"end":{"line":166,"column":75}},"166":{"start":{"line":167,"column":0},"end":{"line":167,"column":75}},"167":{"start":{"line":168,"column":0},"end":{"line":168,"column":77}},"168":{"start":{"line":169,"column":0},"end":{"line":169,"column":71}},"169":{"start":{"line":170,"column":0},"end":{"line":170,"column":52}},"170":{"start":{"line":171,"column":0},"end":{"line":171,"column":24}},"171":{"start":{"line":172,"column":0},"end":{"line":172,"column":62}},"172":{"start":{"line":173,"column":0},"end":{"line":173,"column":43}},"173":{"start":{"line":174,"column":0},"end":{"line":174,"column":34}},"174":{"start":{"line":175,"column":0},"end":{"line":175,"column":78}},"175":{"start":{"line":176,"column":0},"end":{"line":176,"column":23}},"176":{"start":{"line":177,"column":0},"end":{"line":177,"column":80}},"177":{"start":{"line":178,"column":0},"end":{"line":178,"column":60}},"178":{"start":{"line":179,"column":0},"end":{"line":179,"column":28}},"179":{"start":{"line":180,"column":0},"end":{"line":180,"column":5}},"180":{"start":{"line":181,"column":0},"end":{"line":181,"column":3}},"181":{"start":{"line":182,"column":0},"end":{"line":182,"column":0}},"182":{"start":{"line":183,"column":0},"end":{"line":183,"column":29}},"183":{"start":{"line":184,"column":0},"end":{"line":184,"column":12}},"184":{"start":{"line":185,"column":0},"end":{"line":185,"column":67}},"185":{"start":{"line":186,"column":0},"end":{"line":186,"column":10}},"186":{"start":{"line":187,"column":0},"end":{"line":187,"column":21}},"187":{"start":{"line":188,"column":0},"end":{"line":188,"column":48}},"188":{"start":{"line":189,"column":0},"end":{"line":189,"column":67}},"189":{"start":{"line":190,"column":0},"end":{"line":190,"column":40}},"190":{"start":{"line":191,"column":0},"end":{"line":191,"column":4}},"191":{"start":{"line":192,"column":0},"end":{"line":192,"column":0}},"192":{"start":{"line":193,"column":0},"end":{"line":193,"column":83}},"193":{"start":{"line":194,"column":0},"end":{"line":194,"column":64}},"194":{"start":{"line":195,"column":0},"end":{"line":195,"column":1}},"195":{"start":{"line":196,"column":0},"end":{"line":196,"column":0}},"196":{"start":{"line":197,"column":0},"end":{"line":197,"column":68}},"197":{"start":{"line":198,"column":0},"end":{"line":198,"column":75}},"198":{"start":{"line":199,"column":0},"end":{"line":199,"column":55}},"199":{"start":{"line":200,"column":0},"end":{"line":200,"column":38}},"200":{"start":{"line":201,"column":0},"end":{"line":201,"column":68}},"201":{"start":{"line":202,"column":0},"end":{"line":202,"column":71}},"202":{"start":{"line":203,"column":0},"end":{"line":203,"column":29}},"203":{"start":{"line":204,"column":0},"end":{"line":204,"column":12}},"204":{"start":{"line":205,"column":0},"end":{"line":205,"column":38}},"205":{"start":{"line":206,"column":0},"end":{"line":206,"column":45}},"206":{"start":{"line":207,"column":0},"end":{"line":207,"column":4}},"207":{"start":{"line":208,"column":0},"end":{"line":208,"column":83}},"208":{"start":{"line":209,"column":0},"end":{"line":209,"column":43}},"209":{"start":{"line":210,"column":0},"end":{"line":210,"column":1}},"210":{"start":{"line":211,"column":0},"end":{"line":211,"column":0}},"211":{"start":{"line":212,"column":0},"end":{"line":212,"column":67}},"212":{"start":{"line":213,"column":0},"end":{"line":213,"column":75}},"213":{"start":{"line":214,"column":0},"end":{"line":214,"column":55}},"214":{"start":{"line":215,"column":0},"end":{"line":215,"column":38}},"215":{"start":{"line":216,"column":0},"end":{"line":216,"column":68}},"216":{"start":{"line":217,"column":0},"end":{"line":217,"column":58}},"217":{"start":{"line":218,"column":0},"end":{"line":218,"column":83}},"218":{"start":{"line":219,"column":0},"end":{"line":219,"column":43}},"219":{"start":{"line":220,"column":0},"end":{"line":220,"column":1}},"220":{"start":{"line":221,"column":0},"end":{"line":221,"column":0}},"221":{"start":{"line":222,"column":0},"end":{"line":222,"column":58}},"222":{"start":{"line":223,"column":0},"end":{"line":223,"column":46}},"223":{"start":{"line":224,"column":0},"end":{"line":224,"column":0}},"224":{"start":{"line":225,"column":0},"end":{"line":225,"column":34}},"225":{"start":{"line":226,"column":0},"end":{"line":226,"column":49}},"226":{"start":{"line":227,"column":0},"end":{"line":227,"column":51}},"227":{"start":{"line":228,"column":0},"end":{"line":228,"column":3}},"228":{"start":{"line":229,"column":0},"end":{"line":229,"column":0}},"229":{"start":{"line":230,"column":0},"end":{"line":230,"column":30}},"230":{"start":{"line":231,"column":0},"end":{"line":231,"column":51}},"231":{"start":{"line":232,"column":0},"end":{"line":232,"column":72}},"232":{"start":{"line":233,"column":0},"end":{"line":233,"column":6}},"233":{"start":{"line":234,"column":0},"end":{"line":234,"column":33}},"234":{"start":{"line":235,"column":0},"end":{"line":235,"column":51}},"235":{"start":{"line":236,"column":0},"end":{"line":236,"column":53}},"236":{"start":{"line":237,"column":0},"end":{"line":237,"column":5}},"237":{"start":{"line":238,"column":0},"end":{"line":238,"column":40}},"238":{"start":{"line":239,"column":0},"end":{"line":239,"column":3}},"239":{"start":{"line":240,"column":0},"end":{"line":240,"column":0}},"240":{"start":{"line":241,"column":0},"end":{"line":241,"column":40}},"241":{"start":{"line":242,"column":0},"end":{"line":242,"column":1}},"242":{"start":{"line":243,"column":0},"end":{"line":243,"column":0}},"243":{"start":{"line":244,"column":0},"end":{"line":244,"column":51}},"244":{"start":{"line":245,"column":0},"end":{"line":245,"column":40}},"245":{"start":{"line":246,"column":0},"end":{"line":246,"column":61}},"246":{"start":{"line":247,"column":0},"end":{"line":247,"column":1}},"247":{"start":{"line":248,"column":0},"end":{"line":248,"column":0}},"248":{"start":{"line":249,"column":0},"end":{"line":249,"column":76}},"249":{"start":{"line":250,"column":0},"end":{"line":250,"column":78}},"250":{"start":{"line":251,"column":0},"end":{"line":251,"column":77}},"251":{"start":{"line":252,"column":0},"end":{"line":252,"column":75}},"252":{"start":{"line":253,"column":0},"end":{"line":253,"column":68}},"253":{"start":{"line":254,"column":0},"end":{"line":254,"column":33}},"254":{"start":{"line":255,"column":0},"end":{"line":255,"column":73}},"255":{"start":{"line":256,"column":0},"end":{"line":256,"column":76}},"256":{"start":{"line":257,"column":0},"end":{"line":257,"column":40}},"257":{"start":{"line":258,"column":0},"end":{"line":258,"column":33}},"258":{"start":{"line":259,"column":0},"end":{"line":259,"column":77}},"259":{"start":{"line":260,"column":0},"end":{"line":260,"column":58}},"260":{"start":{"line":261,"column":0},"end":{"line":261,"column":26}},"261":{"start":{"line":262,"column":0},"end":{"line":262,"column":0}},"262":{"start":{"line":263,"column":0},"end":{"line":263,"column":67}},"263":{"start":{"line":264,"column":0},"end":{"line":264,"column":64}},"264":{"start":{"line":265,"column":0},"end":{"line":265,"column":79}},"265":{"start":{"line":266,"column":0},"end":{"line":266,"column":69}},"266":{"start":{"line":267,"column":0},"end":{"line":267,"column":1}},"267":{"start":{"line":268,"column":0},"end":{"line":268,"column":0}},"268":{"start":{"line":269,"column":0},"end":{"line":269,"column":57}},"269":{"start":{"line":270,"column":0},"end":{"line":270,"column":95}},"270":{"start":{"line":271,"column":0},"end":{"line":271,"column":65}},"271":{"start":{"line":272,"column":0},"end":{"line":272,"column":62}},"272":{"start":{"line":273,"column":0},"end":{"line":273,"column":98}},"273":{"start":{"line":274,"column":0},"end":{"line":274,"column":0}},"274":{"start":{"line":275,"column":0},"end":{"line":275,"column":37}},"275":{"start":{"line":276,"column":0},"end":{"line":276,"column":0}},"276":{"start":{"line":277,"column":0},"end":{"line":277,"column":111}},"277":{"start":{"line":278,"column":0},"end":{"line":278,"column":111}},"278":{"start":{"line":279,"column":0},"end":{"line":279,"column":52}},"279":{"start":{"line":280,"column":0},"end":{"line":280,"column":19}},"280":{"start":{"line":281,"column":0},"end":{"line":281,"column":1}},"281":{"start":{"line":282,"column":0},"end":{"line":282,"column":0}},"282":{"start":{"line":283,"column":0},"end":{"line":283,"column":58}},"283":{"start":{"line":284,"column":0},"end":{"line":284,"column":65}},"284":{"start":{"line":285,"column":0},"end":{"line":285,"column":69}},"285":{"start":{"line":286,"column":0},"end":{"line":286,"column":31}},"286":{"start":{"line":287,"column":0},"end":{"line":287,"column":0}},"287":{"start":{"line":288,"column":0},"end":{"line":288,"column":23}},"288":{"start":{"line":289,"column":0},"end":{"line":289,"column":77}},"289":{"start":{"line":290,"column":0},"end":{"line":290,"column":75}},"290":{"start":{"line":291,"column":0},"end":{"line":291,"column":55}},"291":{"start":{"line":292,"column":0},"end":{"line":292,"column":15}},"292":{"start":{"line":293,"column":0},"end":{"line":293,"column":17}},"293":{"start":{"line":294,"column":0},"end":{"line":294,"column":50}},"294":{"start":{"line":295,"column":0},"end":{"line":295,"column":0}},"295":{"start":{"line":296,"column":0},"end":{"line":296,"column":33}},"296":{"start":{"line":297,"column":0},"end":{"line":297,"column":46}},"297":{"start":{"line":298,"column":0},"end":{"line":298,"column":76}},"298":{"start":{"line":299,"column":0},"end":{"line":299,"column":75}},"299":{"start":{"line":300,"column":0},"end":{"line":300,"column":74}},"300":{"start":{"line":301,"column":0},"end":{"line":301,"column":73}},"301":{"start":{"line":302,"column":0},"end":{"line":302,"column":74}},"302":{"start":{"line":303,"column":0},"end":{"line":303,"column":74}},"303":{"start":{"line":304,"column":0},"end":{"line":304,"column":76}},"304":{"start":{"line":305,"column":0},"end":{"line":305,"column":74}},"305":{"start":{"line":306,"column":0},"end":{"line":306,"column":75}},"306":{"start":{"line":307,"column":0},"end":{"line":307,"column":72}},"307":{"start":{"line":308,"column":0},"end":{"line":308,"column":75}},"308":{"start":{"line":309,"column":0},"end":{"line":309,"column":74}},"309":{"start":{"line":310,"column":0},"end":{"line":310,"column":75}},"310":{"start":{"line":311,"column":0},"end":{"line":311,"column":67}},"311":{"start":{"line":312,"column":0},"end":{"line":312,"column":74}},"3
[...]
mn":57}}]},"94":{"type":"branch","line":378,"loc":{"start":{"line":378,"column":84},"end":{"line":384,"column":9}},"locations":[{"start":{"line":378,"column":84},"end":{"line":384,"column":9}}]},"95":{"type":"branch","line":385,"loc":{"start":{"line":385,"column":8},"end":{"line":396,"column":9}},"locations":[{"start":{"line":385,"column":8},"end":{"line":396,"column":9}}]},"96":{"type":"branch","line":386,"loc":{"start":{"line":386,"column":73},"end":{"line":386,"column":95}},"locations":[{"start":{"line":386,"column":73},"end":{"line":386,"column":95}}]},"97":{"type":"branch","line":388,"loc":{"start":{"line":388,"column":25},"end":{"line":388,"column":57}},"locations":[{"start":{"line":388,"column":25},"end":{"line":388,"column":57}}]},"98":{"type":"branch","line":390,"loc":{"start":{"line":390,"column":54},"end":{"line":390,"column":89}},"locations":[{"start":{"line":390,"column":54},"end":{"line":390,"column":89}}]},"99":{"type":"branch","line":397,"loc":{"start":{"line":397,"column":8},"end":{"line":408,"column":9}},"locations":[{"start":{"line":397,"column":8},"end":{"line":408,"column":9}}]},"100":{"type":"branch","line":398,"loc":{"start":{"line":398,"column":73},"end":{"line":398,"column":95}},"locations":[{"start":{"line":398,"column":73},"end":{"line":398,"column":95}}]},"101":{"type":"branch","line":400,"loc":{"start":{"line":400,"column":25},"end":{"line":400,"column":57}},"locations":[{"start":{"line":400,"column":25},"end":{"line":400,"column":57}}]},"102":{"type":"branch","line":402,"loc":{"start":{"line":402,"column":54},"end":{"line":402,"column":89}},"locations":[{"start":{"line":402,"column":54},"end":{"line":402,"column":89}}]},"103":{"type":"branch","line":409,"loc":{"start":{"line":409,"column":8},"end":{"line":424,"column":9}},"locations":[{"start":{"line":409,"column":8},"end":{"line":424,"column":9}}]},"104":{"type":"branch","line":410,"loc":{"start":{"line":410,"column":73},"end":{"line":410,"column":95}},"locations":[{"start":{"line":410,"column":73},"end":{"line":410,"column":95}}]},"105":{"type":"branch","line":412,"loc":{"start":{"line":412,"column":25},"end":{"line":412,"column":57}},"locations":[{"start":{"line":412,"column":25},"end":{"line":412,"column":57}}]},"106":{"type":"branch","line":414,"loc":{"start":{"line":414,"column":54},"end":{"line":414,"column":89}},"locations":[{"start":{"line":414,"column":54},"end":{"line":414,"column":89}}]},"107":{"type":"branch","line":418,"loc":{"start":{"line":418,"column":23},"end":{"line":421,"column":11}},"locations":[{"start":{"line":418,"column":23},"end":{"line":421,"column":11}}]},"108":{"type":"branch","line":421,"loc":{"start":{"line":421,"column":10},"end":{"line":424,"column":9}},"locations":[{"start":{"line":421,"column":10},"end":{"line":424,"column":9}}]},"109":{"type":"branch","line":425,"loc":{"start":{"line":425,"column":8},"end":{"line":435,"column":9}},"locations":[{"start":{"line":425,"column":8},"end":{"line":435,"column":9}}]},"110":{"type":"branch","line":426,"loc":{"start":{"line":426,"column":47},"end":{"line":426,"column":69}},"locations":[{"start":{"line":426,"column":47},"end":{"line":426,"column":69}}]},"111":{"type":"branch","line":428,"loc":{"start":{"line":428,"column":25},"end":{"line":428,"column":57}},"locations":[{"start":{"line":428,"column":25},"end":{"line":428,"column":57}}]},"112":{"type":"branch","line":430,"loc":{"start":{"line":430,"column":35},"end":{"line":430,"column":70}},"locations":[{"start":{"line":430,"column":35},"end":{"line":430,"column":70}}]},"113":{"type":"branch","line":436,"loc":{"start":{"line":436,"column":8},"end":{"line":457,"column":9}},"locations":[{"start":{"line":436,"column":8},"end":{"line":457,"column":9}}]},"114":{"type":"branch","line":437,"loc":{"start":{"line":437,"column":87},"end":{"line":437,"column":109}},"locations":[{"start":{"line":437,"column":87},"end":{"line":437,"column":109}}]},"115":{"type":"branch","line":439,"loc":{"start":{"line":439,"column":25},"end":{"line":439,"column":57}},"locations":[{"start":{"line":439,"column":25},"end":{"line":439,"column":57}}]},"116":{"type":"branch","line":441,"loc":{"start":{"line":441,"column":38},"end":{"line":441,"column":82}},"locations":[{"start":{"line":441,"column":38},"end":{"line":441,"column":82}}]},"117":{"type":"branch","line":441,"loc":{"start":{"line":441,"column":82},"end":{"line":441,"column":117}},"locations":[{"start":{"line":441,"column":82},"end":{"line":441,"column":117}}]},"118":{"type":"branch","line":441,"loc":{"start":{"line":441,"column":115},"end":{"line":444,"column":20}},"locations":[{"start":{"line":441,"column":115},"end":{"line":444,"column":20}}]},"119":{"type":"branch","line":444,"loc":{"start":{"line":444,"column":14},"end":{"line":444,"column":29}},"locations":[{"start":{"line":444,"column":14},"end":{"line":444,"column":29}}]},"120":{"type":"branch","line":444,"loc":{"start":{"line":444,"column":29},"end":{"line":447,"column":11}},"locations":[{"start":{"line":444,"column":29},"end":{"line":447,"column":11}}]},"121":{"type":"branch","line":447,"loc":{"start":{"line":447,"column":10},"end":{"line":457,"column":9}},"locations":[{"start":{"line":447,"column":10},"end":{"line":457,"column":9}}]},"122":{"type":"branch","line":458,"loc":{"start":{"line":458,"column":8},"end":{"line":468,"column":9}},"locations":[{"start":{"line":458,"column":8},"end":{"line":468,"column":9}}]},"123":{"type":"branch","line":469,"loc":{"start":{"line":469,"column":8},"end":{"line":490,"column":9}},"locations":[{"start":{"line":469,"column":8},"end":{"line":490,"column":9}}]},"124":{"type":"branch","line":470,"loc":{"start":{"line":470,"column":61},"end":{"line":470,"column":83}},"locations":[{"start":{"line":470,"column":61},"end":{"line":470,"column":83}}]},"125":{"type":"branch","line":472,"loc":{"start":{"line":472,"column":25},"end":{"line":472,"column":57}},"locations":[{"start":{"line":472,"column":25},"end":{"line":472,"column":57}}]},"126":{"type":"branch","line":474,"loc":{"start":{"line":474,"column":63},"end":{"line":477,"column":20}},"locations":[{"start":{"line":474,"column":63},"end":{"line":477,"column":20}}]},"127":{"type":"branch","line":477,"loc":{"start":{"line":477,"column":14},"end":{"line":477,"column":29}},"locations":[{"start":{"line":477,"column":14},"end":{"line":477,"column":29}}]},"128":{"type":"branch","line":477,"loc":{"start":{"line":477,"column":29},"end":{"line":480,"column":11}},"locations":[{"start":{"line":477,"column":29},"end":{"line":480,"column":11}}]},"129":{"type":"branch","line":480,"loc":{"start":{"line":480,"column":10},"end":{"line":490,"column":9}},"locations":[{"start":{"line":480,"column":10},"end":{"line":490,"column":9}}]},"130":{"type":"branch","line":491,"loc":{"start":{"line":491,"column":8},"end":{"line":501,"column":9}},"locations":[{"start":{"line":491,"column":8},"end":{"line":501,"column":9}}]},"131":{"type":"branch","line":492,"loc":{"start":{"line":492,"column":53},"end":{"line":492,"column":75}},"locations":[{"start":{"line":492,"column":53},"end":{"line":492,"column":75}}]},"132":{"type":"branch","line":494,"loc":{"start":{"line":494,"column":25},"end":{"line":494,"column":57}},"locations":[{"start":{"line":494,"column":25},"end":{"line":494,"column":57}}]},"133":{"type":"branch","line":496,"loc":{"start":{"line":496,"column":63},"end":{"line":496,"column":98}},"locations":[{"start":{"line":496,"column":63},"end":{"line":496,"column":98}}]},"134":{"type":"branch","line":496,"loc":{"start":{"line":496,"column":96},"end":{"line":501,"column":9}},"locations":[{"start":{"line":496,"column":96},"end":{"line":501,"column":9}}]},"135":{"type":"branch","line":502,"loc":{"start":{"line":502,"column":8},"end":{"line":517,"column":9}},"locations":[{"start":{"line":502,"column":8},"end":{"line":517,"column":9}}]},"136":{"type":"branch","line":503,"loc":{"start":{"line":503,"column":47},"end":{"line":503,"column":69}},"locations":[{"start":{"line":503,"column":47},"end":{"line":503,"column":69}}]},"137":{"type":"branch","line":505,"loc":{"start":{"line":505,"column":25},"end":{"line":505,"column":57}},"locations":[{"start":{"line":505,"column":25},"end":{"line":505,"column":57}}]},"138":{"type":"branch","line":507,"loc":{"start":{"line":507,"column":35},"end":{"line":507,"column":70}},"locations":[{"start":{"line":507,"column":35},"end":{"line":507,"column":70}}]},"139":{"type":"branch","line":514,"loc":{"start":{"line":514,"column":28},"end":{"line":517,"column":9}},"locations":[{"start":{"line":514,"column":28},"end":{"line":517,"column":9}}]},"140":{"type":"branch","line":518,"loc":{"start":{"line":518,"column":8},"end":{"line":543,"column":9}},"locations":[{"start":{"line":518,"column":8},"end":{"line":543,"column":9}}]},"141":{"type":"branch","line":519,"loc":{"start":{"line":519,"column":29},"end":{"line":519,"column":51}},"locations":[{"start":{"line":519,"column":29},"end":{"line":519,"column":51}}]},"142":{"type":"branch","line":523,"loc":{"start":{"line":523,"column":81},"end":{"line":523,"column":116}},"locations":[{"start":{"line":523,"column":81},"end":{"line":523,"column":116}}]},"143":{"type":"branch","line":526,"loc":{"start":{"line":526,"column":25},"end":{"line":526,"column":54}},"locations":[{"start":{"line":526,"column":25},"end":{"line":526,"column":54}}]},"144":{"type":"branch","line":538,"loc":{"start":{"line":538,"column":48},"end":{"line":538,"column":62}},"locations":[{"start":{"line":538,"column":48},"end":{"line":538,"column":62}}]},"145":{"type":"branch","line":538,"loc":{"start":{"line":538,"column":52},"end":{"line":538,"column":67}},"locations":[{"start":{"line":538,"column":52},"end":{"line":538,"column":67}}]},"146":{"type":"branch","line":544,"loc":{"start":{"line":544,"column":8},"end":{"line":550,"column":9}},"locations":[{"start":{"line":544,"column":8},"end":{"line":550,"column":9}}]},"147":{"type":"branch","line":545,"loc":{"start":{"line":545,"column":30},"end":{"line":545,"column":52}},"locations":[{"start":{"line":545,"column":30},"end":{"line":545,"column":52}}]},"148":{"type":"branch","line":546,"loc":{"start":{"line":546,"column":23},"end":{"line":546,"column":58}},"locations":[{"start":{"line":546,"column":23},"end":{"line":546,"column":58}}]},"149":{"type":"branch","line":546,"loc":{"start":{"line":546,"column":56},"end":{"line":550,"column":9}},"locations":[{"start":{"line":546,"column":56},"end":{"line":550,"column":9}}]},"150":{"type":"branch","line":551,"loc":{"start":{"line":551,"column":8},"end":{"line":557,"column":9}},"locations":[{"start":{"line":551,"column":8},"end":{"line":557,"column":9}}]},"151":{"type":"branch","line":558,"loc":{"start":{"line":558,"column":8},"end":{"line":559,"column":94}},"locations":[{"start":{"line":558,"column":8},"end":{"line":559,"column":94}}]},"152":{"type":"branch","line":561,"loc":{"start":{"line":561,"column":4},"end":{"line":567,"column":5}},"locations":[{"start":{"line":561,"column":4},"end":{"line":567,"column":5}}]},"153":{"type":"branch","line":565,"loc":{"start":{"line":565,"column":31},"end":{"line":565,"column":50}},"locations":[{"start":{"line":565,"column":31},"end":{"line":565,"column":50}}]},"154":{"type":"branch","line":525,"loc":{"start":{"line":525,"column":46},"end":{"line":525,"column":69}},"locations":[{"start":{"line":525,"column":46},"end":{"line":525,"column":69}}]},"155":{"type":"branch","line":570,"loc":{"start":{"line":570,"column":10},"end":{"line":589,"column":3}},"locations":[{"start":{"line":570,"column":10},"end":{"line":589,"column":3}}]},"156":{"type":"branch","line":572,"loc":{"start":{"line":572,"column":37},"end":{"line":588,"column":5}},"locations":[{"start":{"line":572,"column":37},"end":{"line":588,"column":5}}]},"157":{"type":"branch","line":574,"loc":{"start":{"line":574,"column":93},"end":{"line":574,"column":107}},"locations":[{"start":{"line":574,"column":93},"end":{"line":574,"column":107}}]},"158":{"type":"branch","line":596,"loc":{"start":{"line":596,"column":10},"end":{"line":599,"column":3}},"locations":[{"start":{"line":596,"column":10},"end":{"line":599,"column":3}}]},"159":{"type":"branch","line":598,"loc":{"start":{"line":598,"column":43},"end":{"line":598,"column":55}},"locations":[{"start":{"line":598,"column":43},"end":{"line":598,"column":55}}]},"160":{"type":"branch","line":601,"loc":{"start":{"line":601,"column":2},"end":{"line":614,"column":3}},"locations":[{"start":{"line":601,"column":2},"end":{"line":614,"column":3}}]},"161":{"type":"branch","line":602,"loc":{"start":{"line":602,"column":41},"end":{"line":602,"column":49}},"locations":[{"start":{"line":602,"column":41},"end":{"line":602,"column":49}}]},"162":{"type":"branch","line":605,"loc":{"start":{"line":605,"column":33},"end":{"line":605,"column":67}},"locations":[{"start":{"line":605,"column":33},"end":{"line":605,"column":67}}]},"163":{"type":"branch","line":611,"loc":{"start":{"line":611,"column":4},"end":{"line":613,"column":5}},"locations":[{"start":{"line":611,"column":4},"end":{"line":613,"column":5}}]},"164":{"type":"branch","line":616,"loc":{"start":{"line":616,"column":10},"end":{"line":620,"column":3}},"locations":[{"start":{"line":616,"column":10},"end":{"line":620,"column":3}}]},"165":{"type":"branch","line":618,"loc":{"start":{"line":618,"column":15},"end":{"line":618,"column":22}},"locations":[{"start":{"line":618,"column":15},"end":{"line":618,"column":22}}]},"166":{"type":"branch","line":622,"loc":{"start":{"line":622,"column":10},"end":{"line":629,"column":3}},"locations":[{"start":{"line":622,"column":10},"end":{"line":629,"column":3}}]},"167":{"type":"branch","line":631,"loc":{"start":{"line":631,"column":10},"end":{"line":635,"column":3}},"locations":[{"start":{"line":631,"column":10},"end":{"line":635,"column":3}}]},"168":{"type":"branch","line":633,"loc":{"start":{"line":633,"column":18},"end":{"line":633,"column":25}},"locations":[{"start":{"line":633,"column":18},"end":{"line":633,"column":25}}]},"169":{"type":"branch","line":634,"loc":{"start":{"line":634,"column":20},"end":{"line":634,"column":54}},"locations":[{"start":{"line":634,"column":20},"end":{"line":634,"column":54}}]},"170":{"type":"branch","line":637,"loc":{"start":{"line":637,"column":2},"end":{"line":647,"column":3}},"locations":[{"start":{"line":637,"column":2},"end":{"line":647,"column":3}}]},"171":{"type":"branch","line":639,"loc":{"start":{"line":639,"column":18},"end":{"line":639,"column":25}},"locations":[{"start":{"line":639,"column":18},"end":{"line":639,"column":25}}]},"172":{"type":"branch","line":641,"loc":{"start":{"line":641,"column":20},"end":{"line":646,"column":5}},"locations":[{"start":{"line":641,"column":20},"end":{"line":646,"column":5}}]},"173":{"type":"branch","line":643,"loc":{"start":{"line":643,"column":27},"end":{"line":643,"column":34}},"locations":[{"start":{"line":643,"column":27},"end":{"line":643,"column":34}}]},"174":{"type":"branch","line":644,"loc":{"start":{"line":644,"column":54},"end":{"line":644,"column":61}},"locations":[{"start":{"line":644,"column":54},"end":{"line":644,"column":61}}]},"175":{"type":"branch","line":644,"loc":{"start":{"line":644,"column":54},"end":{"line":645,"column":93}},"locations":[{"start":{"line":644,"column":54},"end":{"line":645,"column":93}}]},"176":{"type":"branch","line":649,"loc":{"start":{"line":649,"column":10},"end":{"line":651,"column":3}},"locations":[{"start":{"line":649,"column":10},"end":{"line":651,"column":3}}]},"177":{"type":"branch","line":653,"loc":{"start":{"line":653,"column":10},"end":{"line":655,"column":3}},"locations":[{"start":{"line":653,"column":10},"end":{"line":655,"column":3}}]},"178":{"type":"branch","line":654,"loc":{"start":{"line":654,"column":46},"end":{"line":654,"column":83}},"locations":[{"start":{"line":654,"column":46},"end":{"line":654,"column":83}}]}},"b":{"0":[7],"1":[17],"2":[98],"3":[98],"4":[0],"5":[0],"6":[0],"7":[0],"8":[7],"9":[0],"10":[0],"11":[260],"12":[14],"13":[14],"14":[4],"15":[0],"16":[13],"17":[6],"18":[260],"19":[1],"20":[31],"21":[229],"22":[0],"23":[229],"24":[24],"25":[0],"26":[0],"27":[0],"28":[2],"29":[0],"30":[0],"31":[0],"32":[0],"33":[0],"34":[71],"35":[0],"36":[0],"37":[1],"38":[0],"39":[0],"40":[0],"41":[0],"42":[0],"43":[10],"44":[0],"45":[0],"46":[13],"47":[0],"48":[0],"49":[14],"50":[0],"51":[0],"52":[11],"53":[0],"54":[0],"55":[1],"56":[0],"57":[0],"58":[0],"59":[0],"60":[0],"61":[0],"62":[0],"63":[5],"64":[0],"65":[0],"66":[2],"67":[3],"68":[1],"69":[0],"70":[3],"71":[0],"72":[0],"73":[1],"74":[2],"75":[2],"76":[0],"77":[0],"78":[0],"79":[0],"80":[1],"81":[1],"82":[0],"83":[0],"84":[0],"85":[3],"86":[0],"87":[0],"88":[1],"89":[2],"90":[0],"91":[2],"92":[0],"93":[0],"94":[1],"95":[2],"96":[0],"97":[0],"98":[0],"99":[2],"100":[0],"101":[0],"102":[0],"103":[4],"104":[0],"105":[0],"106":[0],"107":[0],"108":[1],"109":[3],"110":[0],"111":[0],"112":[0],"113":[9],"114":[0],"115":[0],"116":[8],"117":[4],"118":[5],"119":[2],"120":[0],"121":[2],"122":[0],"123":[4],"124":[0],"125":[0],"126":[2],"127":[1],"128":[0],"129":[1],"130":[3],"131":[0],"132":[0],"133":[2],"134":[1],"135":[1],"136":[0],"137":[0],"138":[0],"139":[0],"140":[7],"141":[0],"142":[0],"143":[0],"144":[5],"145":[2],"146":[30],"147":[0],"148":[29],"149":[1],"150":[0],"151":[0],"152":[61],"153":[0],"154":[7],"155":[55],"156":[6],"157":[0],"158":[125],"159":[0],"160":[98],"161":[0],"162":[26],"163":[0],"164":[140],"165":[0],"166":[68],"167":[225],"168":[0],"169":[1796],"170":[111],"171":[0],"172":[1404],"173":[0],"174":[1303],"175":[101],"176":[168],"177":[2157],"178":[2118]},"fnMap":{"0":{"name":"WSServer","decl":{"start":{"line":35,"column":2},"end":{"line":41,"column":3}},"loc":{"start":{"line":35,"column":2},"end":{"line":41,"column":3}},"line":35},"1":{"name":"onConnection","decl":{"start":{"line":43,"column":10},"end":{"line":69,"column":3}},"loc":{"start":{"line":43,"column":10},"end":{"line":69,"column":3}},"line":43},"2":{"name":"onClose","decl":{"start":{"line":71,"column":10},"end":{"line":97,"column":3}},"loc":{"start":{"line":71,"column":10},"end":{"line":97,"column":3}},"line":71},"3":{"name":"onMessage","decl":{"start":{"line":99,"column":2},"end":{"line":568,"column":3}},"loc":{"start":{"line":99,"column":2},"end":{"line":568,"column":3}},"line":99},"4":{"name":"handleRoundUpdate","decl":{"start":{"line":570,"column":10},"end":{"line":589,"column":3}},"loc":{"start":{"line":570,"column":10},"end":{"line":589,"column":3}},"line":570},"5":{"name":"sanitizeRound","decl":{"start":{"line":596,"column":10},"end":{"line":599,"column":3}},"loc":{"start":{"line":596,"column":10},"end":{"line":599,"column":3}},"line":596},"6":{"name":"attach","decl":{"start":{"line":601,"column":2},"end":{"line":614,"column":3}},"loc":{"start":{"line":601,"column":2},"end":{"line":614,"column":3}},"line":601},"7":{"name":"broadcastRoom","decl":{"start":{"line":616,"column":10},"end":{"line":620,"column":3}},"loc":{"start":{"line":616,"column":10},"end":{"line":620,"column":3}},"line":616},"8":{"name":"broadcastRound","decl":{"start":{"line":622,"column":10},"end":{"line":629,"column":3}},"loc":{"start":{"line":622,"column":10},"end":{"line":629,"column":3}},"line":622},"9":{"name":"broadcast","decl":{"start":{"line":631,"column":10},"end":{"line":635,"column":3}},"loc":{"start":{"line":631,"column":10},"end":{"line":635,"column":3}},"line":631},"10":{"name":"broadcastConnections","decl":{"start":{"line":637,"column":2},"end":{"line":647,"column":3}},"loc":{"start":{"line":637,"column":2},"end":{"line":647,"column":3}},"line":637},"11":{"name":"sendAck","decl":{"start":{"line":649,"column":10},"end":{"line":651,"column":3}},"loc":{"start":{"line":649,"column":10},"end":{"line":651,"column":3}},"line":649},"12":{"name":"send","decl":{"start":{"line":653,"column":10},"end":{"line":655,"column":3}},"loc":{"start":{"line":653,"column":10},"end":{"line":655,"column":3}},"line":653}},"f":{"0":7,"1":98,"2":14,"3":260,"4":55,"5":125,"6":98,"7":140,"8":68,"9":225,"10":111,"11":168,"12":2157}}
}
